2020-04-30 21:22:46 INFO  PropertiesUtil:102 - Load file properties
2020-04-30 21:22:46 INFO  StartProcessIngesta:34 - Stand Alone process - Consultando el Bucket: pe-soapros-capacniam-bucket-producto-prd/metadata/2019/10/07
2020-04-30 21:22:50 INFO  StartProcessIngesta:34 - Stand Alone process - Cantidad de archivos por procesar: 6
2020-04-30 21:22:50 INFO  StartProcessIngesta:34 - Stand Alone process - Cantidad de cortes a procesar: 6
2020-04-30 21:22:50 INFO  StartProcessIngesta:34 - Stand Alone process - FILE: metadata/2019/10/07/METADATA_C07.10.2019_556_FISICO.txt
2020-04-30 21:22:50 INFO  StartProcessIngesta:34 - Stand Alone process - FILE: metadata/2019/10/07/METADATA_C07.10.2019_556_VIRTUAL.txt
2020-04-30 21:22:50 INFO  StartProcessIngesta:34 - Stand Alone process - FILE: metadata/2019/10/07/METADATA_C07.10.2019_557_FISICO.txt
2020-04-30 21:22:50 INFO  StartProcessIngesta:34 - Stand Alone process - FILE: metadata/2019/10/07/METADATA_C07.10.2019_557_VIRTUAL.txt
2020-04-30 21:22:50 INFO  StartProcessIngesta:34 - Stand Alone process - FILE: metadata/2019/10/07/METADATA_C07.10.2019_559_FISICO.txt
2020-04-30 21:22:50 INFO  StartProcessIngesta:34 - Stand Alone process - FILE: metadata/2019/10/07/METADATA_C07.10.2019_559_VIRTUAL.txt
2020-04-30 21:22:52 INFO  StartProcessIngesta:34 - Stand Alone process - Cantidad de Registros a procesar: 5600
2020-04-30 21:22:54 INFO  StartProcessIngesta:34 - Stand Alone process - Producto saved: bn_ripley_402834515254350035049882
2020-04-30 21:22:54 INFO  StartProcessIngesta:34 - Stand Alone process - Movimiento saved: b4225707-0190-45ed-a644-eda50af9185d
2020-04-30 21:22:55 INFO  StartProcessIngesta:34 - Stand Alone process - Producto saved: bn_ripley_089601905254350083561671
2020-04-30 21:22:55 INFO  StartProcessIngesta:34 - Stand Alone process - Movimiento saved: 29003687-061c-41fc-8201-b2c38c9b9e42
2020-04-30 21:22:56 INFO  StartProcessIngesta:34 - Stand Alone process - Producto saved: bn_ripley_439921535254350015451678
2020-04-30 21:22:56 INFO  StartProcessIngesta:34 - Stand Alone process - Movimiento saved: 8c201b1b-3168-4315-ab0e-62872092c411
2020-04-30 21:22:57 INFO  StartProcessIngesta:34 - Stand Alone process - Producto saved: bn_ripley_102900185254350061602000
2020-04-30 21:22:57 INFO  StartProcessIngesta:34 - Stand Alone process - Movimiento saved: f7bee5d0-ca46-4e5b-9327-2061a92b8bb5
2020-04-30 21:22:58 INFO  StartProcessIngesta:34 - Stand Alone process - Producto saved: bn_ripley_277302585254350018152216
2020-04-30 21:22:58 INFO  StartProcessIngesta:34 - Stand Alone process - Movimiento saved: 05cdbcde-c7b1-4e7e-9681-054dc348f9ad
2020-04-30 21:22:59 INFO  StartProcessIngesta:34 - Stand Alone process - Producto saved: bn_ripley_461598455254350053415270
2020-04-30 21:22:59 INFO  StartProcessIngesta:34 - Stand Alone process - Movimiento saved: a3e59f25-8934-496e-852f-ae6af1c4b148
2020-04-30 21:23:00 INFO  StartProcessIngesta:34 - Stand Alone process - Producto saved: bn_ripley_084173075254350027146589
2020-04-30 21:23:00 INFO  StartProcessIngesta:34 - Stand Alone process - Movimiento saved: 70959105-bcbe-4672-a44b-2a899906adb2
2020-04-30 21:23:01 INFO  StartProcessIngesta:34 - Stand Alone process - Producto saved: bn_ripley_403083175254350017819435
2020-04-30 21:23:01 INFO  StartProcessIngesta:34 - Stand Alone process - Movimiento saved: e882e85f-90c0-40f1-96af-d99b1dbc9a33
2020-04-30 21:23:02 INFO  StartProcessIngesta:34 - Stand Alone process - Producto saved: bn_ripley_106208815254350035583153
2020-04-30 21:23:02 INFO  StartProcessIngesta:34 - Stand Alone process - Movimiento saved: 5b2e9e3a-a867-424a-9f45-8b2e4d1904ac
2020-04-30 21:23:03 INFO  StartProcessIngesta:34 - Stand Alone process - Producto saved: bn_ripley_079314015254350017090789
2020-04-30 21:23:03 INFO  StartProcessIngesta:34 - Stand Alone process - Movimiento saved: 96e28fa9-2318-4ba6-bfb4-359d6f283272
2020-04-30 21:23:04 INFO  StartProcessIngesta:34 - Stand Alone process - Producto saved: bn_ripley_425334035254350013647871
2020-04-30 21:23:04 INFO  StartProcessIngesta:34 - Stand Alone process - Movimiento saved: 16285325-0bed-4583-952d-545cad809b8a
2020-04-30 21:23:05 INFO  StartProcessIngesta:34 - Stand Alone process - Producto saved: bn_ripley_425334035254350082269888
2020-04-30 21:23:05 INFO  StartProcessIngesta:34 - Stand Alone process - Movimiento saved: 3ca9631d-d58b-472f-ac25-76a527d56e4c
2020-04-30 21:23:06 INFO  StartProcessIngesta:34 - Stand Alone process - Producto saved: bn_ripley_328456685254350032511611
2020-04-30 21:23:06 INFO  StartProcessIngesta:34 - Stand Alone process - Movimiento saved: fd31ee7d-c797-484b-ab62-aee8ea1b2899
2020-04-30 21:23:07 INFO  StartProcessIngesta:34 - Stand Alone process - Producto saved: bn_ripley_093725755254350023074561
2020-04-30 21:23:07 INFO  StartProcessIngesta:34 - Stand Alone process - Movimiento saved: 53a2f499-8377-4866-802d-af4292ff440d
2020-04-30 21:23:08 INFO  StartProcessIngesta:34 - Stand Alone process - Producto saved: bn_ripley_100769195254350081140155
2020-04-30 21:23:08 INFO  StartProcessIngesta:34 - Stand Alone process - Movimiento saved: e138bfec-1ed7-417f-a24e-baa166163f96
2020-04-30 21:23:09 INFO  StartProcessIngesta:34 - Stand Alone process - Producto saved: bn_ripley_432920635254350023763593
2020-04-30 21:23:09 INFO  StartProcessIngesta:34 - Stand Alone process - Movimiento saved: 6ba4d92a-9f38-41d2-9afc-9ab9e3296045
2020-04-30 21:23:10 INFO  StartProcessIngesta:34 - Stand Alone process - Producto saved: bn_ripley_257902095254350022108865
2020-04-30 21:23:10 INFO  StartProcessIngesta:34 - Stand Alone process - Movimiento saved: 9243b400-6849-4634-bba9-aa878d25b764
2020-04-30 21:23:11 INFO  StartProcessIngesta:34 - Stand Alone process - Producto saved: bn_ripley_106784355254350031126536
2020-04-30 21:23:11 INFO  StartProcessIngesta:34 - Stand Alone process - Movimiento saved: 36abe91f-839f-434c-84e3-6981c9295a83
2020-04-30 21:23:12 INFO  StartProcessIngesta:34 - Stand Alone process - Producto saved: bn_ripley_106784355254350082753055
2020-04-30 21:23:12 INFO  StartProcessIngesta:34 - Stand Alone process - Movimiento saved: 82ee6133-b1f5-47ed-8474-c3aa25bb0beb
2020-04-30 21:23:13 INFO  StartProcessIngesta:34 - Stand Alone process - Producto saved: bn_ripley_413453345254350083559956
2020-04-30 21:23:13 INFO  StartProcessIngesta:34 - Stand Alone process - Movimiento saved: a2c6af39-c49c-4d6c-a039-acc999bd642d
2020-04-30 21:23:14 INFO  StartProcessIngesta:34 - Stand Alone process - Producto saved: bn_ripley_413453345254350023804439
2020-04-30 21:23:14 INFO  StartProcessIngesta:34 - Stand Alone process - Movimiento saved: 1d94238d-930a-4458-b9c7-c72fec1436e5
2020-04-30 21:23:15 INFO  StartProcessIngesta:34 - Stand Alone process - Producto saved: bn_ripley_101632695254350028743558
2020-04-30 21:23:15 INFO  StartProcessIngesta:34 - Stand Alone process - Movimiento saved: 1d6a54e1-bdea-4928-9599-81cb4290458f
2020-04-30 21:23:16 INFO  StartProcessIngesta:34 - Stand Alone process - Producto saved: bn_ripley_437037245254350018604216
2020-04-30 21:23:16 INFO  StartProcessIngesta:34 - Stand Alone process - Movimiento saved: c3f4992a-13de-42af-b65e-31e310905b9a
2020-04-30 21:23:17 INFO  StartProcessIngesta:34 - Stand Alone process - Producto saved: bn_ripley_099266455254350015756993
2020-04-30 21:23:17 INFO  StartProcessIngesta:34 - Stand Alone process - Movimiento saved: ea4cf22e-178d-4032-9616-22798707e969
2020-04-30 21:23:18 INFO  StartProcessIngesta:34 - Stand Alone process - Producto saved: bn_ripley_427614465254350010201540
2020-04-30 21:23:18 INFO  StartProcessIngesta:34 - Stand Alone process - Movimiento saved: 2d30905b-8996-485a-897f-bf2fff35bf1d
2020-04-30 21:23:19 INFO  StartProcessIngesta:34 - Stand Alone process - Producto saved: bn_ripley_099025315254350018737594
2020-04-30 21:23:19 INFO  StartProcessIngesta:34 - Stand Alone process - Movimiento saved: 13bf025e-a94d-42e3-a275-6b336f27b7aa
2020-04-30 21:23:20 INFO  StartProcessIngesta:34 - Stand Alone process - Producto saved: bn_ripley_420822265254350022474515
2020-04-30 21:23:20 INFO  StartProcessIngesta:34 - Stand Alone process - Movimiento saved: 9f319fdc-6258-4ccd-bc28-5e3b98e8d52f
2020-04-30 21:23:21 INFO  StartProcessIngesta:34 - Stand Alone process - Producto saved: bn_ripley_306753895254350017357527
2020-04-30 21:23:21 INFO  StartProcessIngesta:34 - Stand Alone process - Movimiento saved: 57d84cdc-725a-4c22-9435-e0efd9ce8aeb
2020-04-30 21:23:22 INFO  StartProcessIngesta:34 - Stand Alone process - Producto saved: bn_ripley_258025845254350041138349
2020-04-30 21:23:22 INFO  StartProcessIngesta:34 - Stand Alone process - Movimiento saved: cc75dc84-6298-41af-9da0-845440ea6b6d
2020-04-30 21:23:23 INFO  StartProcessIngesta:34 - Stand Alone process - Producto saved: bn_ripley_258025845254350086350528
2020-04-30 21:23:23 INFO  StartProcessIngesta:34 - Stand Alone process - Movimiento saved: a2d4beb9-a02f-45a0-a344-d0b522ad1b43
2020-04-30 21:26:56 INFO  PropertiesUtil:102 - Load file properties
2020-04-30 21:26:56 INFO  StartProcessIngesta:34 - Stand Alone process - Consultando el Bucket: pe-soapros-capacniam-bucket-producto-prd/metadata/2019/10/07
2020-04-30 21:27:01 INFO  StartProcessIngesta:34 - Stand Alone process - Cantidad de archivos por procesar: 6
2020-04-30 21:27:01 INFO  StartProcessIngesta:34 - Stand Alone process - Cantidad de cortes a procesar: 6
2020-04-30 21:27:01 INFO  StartProcessIngesta:34 - Stand Alone process - FILE: metadata/2019/10/07/METADATA_C07.10.2019_556_FISICO.txt
2020-04-30 21:27:01 INFO  StartProcessIngesta:34 - Stand Alone process - FILE: metadata/2019/10/07/METADATA_C07.10.2019_556_VIRTUAL.txt
2020-04-30 21:27:01 INFO  StartProcessIngesta:34 - Stand Alone process - FILE: metadata/2019/10/07/METADATA_C07.10.2019_557_FISICO.txt
2020-04-30 21:27:01 INFO  StartProcessIngesta:34 - Stand Alone process - FILE: metadata/2019/10/07/METADATA_C07.10.2019_557_VIRTUAL.txt
2020-04-30 21:27:01 INFO  StartProcessIngesta:34 - Stand Alone process - FILE: metadata/2019/10/07/METADATA_C07.10.2019_559_FISICO.txt
2020-04-30 21:27:01 INFO  StartProcessIngesta:34 - Stand Alone process - FILE: metadata/2019/10/07/METADATA_C07.10.2019_559_VIRTUAL.txt
2020-04-30 21:27:03 INFO  StartProcessIngesta:34 - Stand Alone process - Cantidad de Registros a procesar: 5600
2020-04-30 21:27:04 WARN  StartProcessIngesta:66 - Stand Alone process - Registro ya insertado: 5254350035049882.pdf File: metadata/2019/10/07/METADATA_C07.10.2019_556_FISICO.txt
2020-04-30 21:27:05 WARN  StartProcessIngesta:66 - Stand Alone process - Registro ya insertado: 5254350083561671.pdf File: metadata/2019/10/07/METADATA_C07.10.2019_556_FISICO.txt
2020-04-30 21:27:05 WARN  StartProcessIngesta:66 - Stand Alone process - Registro ya insertado: 5254350015451678.pdf File: metadata/2019/10/07/METADATA_C07.10.2019_556_FISICO.txt
2020-04-30 21:27:05 WARN  StartProcessIngesta:66 - Stand Alone process - Registro ya insertado: 5254350061602000.pdf File: metadata/2019/10/07/METADATA_C07.10.2019_556_FISICO.txt
2020-04-30 21:27:06 WARN  StartProcessIngesta:66 - Stand Alone process - Registro ya insertado: 5254350018152216.pdf File: metadata/2019/10/07/METADATA_C07.10.2019_556_FISICO.txt
2020-04-30 21:27:06 WARN  StartProcessIngesta:66 - Stand Alone process - Registro ya insertado: 5254350053415270.pdf File: metadata/2019/10/07/METADATA_C07.10.2019_556_FISICO.txt
2020-04-30 21:27:07 WARN  StartProcessIngesta:66 - Stand Alone process - Registro ya insertado: 5254350027146589.pdf File: metadata/2019/10/07/METADATA_C07.10.2019_556_FISICO.txt
2020-04-30 21:27:07 WARN  StartProcessIngesta:66 - Stand Alone process - Registro ya insertado: 5254350017819435.pdf File: metadata/2019/10/07/METADATA_C07.10.2019_556_FISICO.txt
2020-04-30 21:27:08 WARN  StartProcessIngesta:66 - Stand Alone process - Registro ya insertado: 5254350035583153.pdf File: metadata/2019/10/07/METADATA_C07.10.2019_556_FISICO.txt
2020-04-30 21:27:08 WARN  StartProcessIngesta:66 - Stand Alone process - Registro ya insertado: 5254350017090789.pdf File: metadata/2019/10/07/METADATA_C07.10.2019_556_FISICO.txt
2020-04-30 21:27:08 WARN  StartProcessIngesta:66 - Stand Alone process - Registro ya insertado: 5254350013647871.pdf File: metadata/2019/10/07/METADATA_C07.10.2019_556_FISICO.txt
2020-04-30 21:27:09 WARN  StartProcessIngesta:66 - Stand Alone process - Registro ya insertado: 5254350082269888.pdf File: metadata/2019/10/07/METADATA_C07.10.2019_556_FISICO.txt
2020-04-30 21:27:09 WARN  StartProcessIngesta:66 - Stand Alone process - Registro ya insertado: 5254350032511611.pdf File: metadata/2019/10/07/METADATA_C07.10.2019_556_FISICO.txt
2020-04-30 21:27:10 WARN  StartProcessIngesta:66 - Stand Alone process - Registro ya insertado: 5254350023074561.pdf File: metadata/2019/10/07/METADATA_C07.10.2019_556_FISICO.txt
2020-04-30 21:27:10 WARN  StartProcessIngesta:66 - Stand Alone process - Registro ya insertado: 5254350081140155.pdf File: metadata/2019/10/07/METADATA_C07.10.2019_556_FISICO.txt
2020-04-30 21:27:11 WARN  StartProcessIngesta:66 - Stand Alone process - Registro ya insertado: 5254350023763593.pdf File: metadata/2019/10/07/METADATA_C07.10.2019_556_FISICO.txt
2020-04-30 21:27:11 WARN  StartProcessIngesta:66 - Stand Alone process - Registro ya insertado: 5254350022108865.pdf File: metadata/2019/10/07/METADATA_C07.10.2019_556_FISICO.txt
2020-04-30 21:27:12 WARN  StartProcessIngesta:66 - Stand Alone process - Registro ya insertado: 5254350031126536.pdf File: metadata/2019/10/07/METADATA_C07.10.2019_556_FISICO.txt
2020-04-30 21:27:12 WARN  StartProcessIngesta:66 - Stand Alone process - Registro ya insertado: 5254350082753055.pdf File: metadata/2019/10/07/METADATA_C07.10.2019_556_FISICO.txt
2020-04-30 21:27:12 WARN  StartProcessIngesta:66 - Stand Alone process - Registro ya insertado: 5254350083559956.pdf File: metadata/2019/10/07/METADATA_C07.10.2019_556_FISICO.txt
2020-04-30 21:27:13 WARN  StartProcessIngesta:66 - Stand Alone process - Registro ya insertado: 5254350023804439.pdf File: metadata/2019/10/07/METADATA_C07.10.2019_556_FISICO.txt
2020-04-30 21:27:13 WARN  StartProcessIngesta:66 - Stand Alone process - Registro ya insertado: 5254350028743558.pdf File: metadata/2019/10/07/METADATA_C07.10.2019_556_FISICO.txt
2020-04-30 21:27:14 WARN  StartProcessIngesta:66 - Stand Alone process - Registro ya insertado: 5254350018604216.pdf File: metadata/2019/10/07/METADATA_C07.10.2019_556_FISICO.txt
2020-04-30 21:27:14 WARN  StartProcessIngesta:66 - Stand Alone process - Registro ya insertado: 5254350015756993.pdf File: metadata/2019/10/07/METADATA_C07.10.2019_556_FISICO.txt
2020-04-30 21:27:15 WARN  StartProcessIngesta:66 - Stand Alone process - Registro ya insertado: 5254350010201540.pdf File: metadata/2019/10/07/METADATA_C07.10.2019_556_FISICO.txt
2020-04-30 21:27:15 WARN  StartProcessIngesta:66 - Stand Alone process - Registro ya insertado: 5254350018737594.pdf File: metadata/2019/10/07/METADATA_C07.10.2019_556_FISICO.txt
2020-04-30 21:27:16 WARN  StartProcessIngesta:66 - Stand Alone process - Registro ya insertado: 5254350022474515.pdf File: metadata/2019/10/07/METADATA_C07.10.2019_556_FISICO.txt
2020-04-30 21:27:16 WARN  StartProcessIngesta:66 - Stand Alone process - Registro ya insertado: 5254350017357527.pdf File: metadata/2019/10/07/METADATA_C07.10.2019_556_FISICO.txt
2020-04-30 21:27:16 WARN  StartProcessIngesta:66 - Stand Alone process - Registro ya insertado: 5254350041138349.pdf File: metadata/2019/10/07/METADATA_C07.10.2019_556_FISICO.txt
2020-04-30 21:27:17 WARN  StartProcessIngesta:66 - Stand Alone process - Registro ya insertado: 5254350086350528.pdf File: metadata/2019/10/07/METADATA_C07.10.2019_556_FISICO.txt
2020-04-30 21:27:18 INFO  StartProcessIngesta:34 - Stand Alone process - Producto saved: bn_ripley_404552795254350080554554
2020-04-30 21:27:18 INFO  StartProcessIngesta:34 - Stand Alone process - Movimiento saved: c7e2558c-7117-48ea-9ed0-f18a4b2dadd5
2020-04-30 21:49:42 INFO  PropertiesUtil:102 - Load file properties
2020-04-30 21:49:42 INFO  StartProcessIngesta:34 - Stand Alone process - Consultando el Bucket: pe-soapros-capacniam-bucket-producto-prd/metadata/2019/10
2020-04-30 21:49:48 INFO  StartProcessIngesta:34 - Stand Alone process - Cantidad de archivos por procesar: 53
2020-04-30 21:49:48 INFO  StartProcessIngesta:34 - Stand Alone process - Cantidad de cortes a procesar: 53
2020-04-30 21:50:24 INFO  PropertiesUtil:102 - Load file properties
2020-04-30 21:50:24 INFO  StartProcessIngesta:34 - Stand Alone process - Consultando el Bucket: pe-soapros-capacniam-bucket-producto-prd/metadata/2019/10
2020-04-30 21:50:29 INFO  StartProcessIngesta:34 - Stand Alone process - Cantidad de archivos por procesar: 53
2020-04-30 21:50:29 INFO  StartProcessIngesta:34 - Stand Alone process - Cantidad de cortes a procesar: 53
2020-04-30 21:50:50 INFO  StartProcessIngesta:34 - Stand Alone process - FILE: metadata/2019/10/07/METADATA_C07.10.2019_556_FISICO.txt
2020-04-30 21:50:56 INFO  StartProcessIngesta:34 - Stand Alone process - Cantidad de Registros a procesar: 5600
2020-04-30 21:50:57 WARN  StartProcessIngesta:66 - Stand Alone process - Registro ya insertado: 5254350035049882.pdf File: metadata/2019/10/07/METADATA_C07.10.2019_556_FISICO.txt
2020-04-30 21:50:57 WARN  StartProcessIngesta:66 - Stand Alone process - Registro ya insertado: 5254350083561671.pdf File: metadata/2019/10/07/METADATA_C07.10.2019_556_FISICO.txt
2020-04-30 21:50:58 WARN  StartProcessIngesta:66 - Stand Alone process - Registro ya insertado: 5254350015451678.pdf File: metadata/2019/10/07/METADATA_C07.10.2019_556_FISICO.txt
2020-04-30 21:50:58 WARN  StartProcessIngesta:66 - Stand Alone process - Registro ya insertado: 5254350061602000.pdf File: metadata/2019/10/07/METADATA_C07.10.2019_556_FISICO.txt
2020-04-30 21:50:58 WARN  StartProcessIngesta:66 - Stand Alone process - Registro ya insertado: 5254350018152216.pdf File: metadata/2019/10/07/METADATA_C07.10.2019_556_FISICO.txt
2020-04-30 21:50:59 WARN  StartProcessIngesta:66 - Stand Alone process - Registro ya insertado: 5254350053415270.pdf File: metadata/2019/10/07/METADATA_C07.10.2019_556_FISICO.txt
2020-04-30 21:50:59 WARN  StartProcessIngesta:66 - Stand Alone process - Registro ya insertado: 5254350027146589.pdf File: metadata/2019/10/07/METADATA_C07.10.2019_556_FISICO.txt
2020-04-30 21:51:00 WARN  StartProcessIngesta:66 - Stand Alone process - Registro ya insertado: 5254350017819435.pdf File: metadata/2019/10/07/METADATA_C07.10.2019_556_FISICO.txt
2020-04-30 21:51:00 WARN  StartProcessIngesta:66 - Stand Alone process - Registro ya insertado: 5254350035583153.pdf File: metadata/2019/10/07/METADATA_C07.10.2019_556_FISICO.txt
2020-04-30 21:51:00 WARN  StartProcessIngesta:66 - Stand Alone process - Registro ya insertado: 5254350017090789.pdf File: metadata/2019/10/07/METADATA_C07.10.2019_556_FISICO.txt
2020-04-30 21:51:01 WARN  StartProcessIngesta:66 - Stand Alone process - Registro ya insertado: 5254350013647871.pdf File: metadata/2019/10/07/METADATA_C07.10.2019_556_FISICO.txt
2020-04-30 21:51:01 WARN  StartProcessIngesta:66 - Stand Alone process - Registro ya insertado: 5254350082269888.pdf File: metadata/2019/10/07/METADATA_C07.10.2019_556_FISICO.txt
2020-04-30 21:51:01 WARN  StartProcessIngesta:66 - Stand Alone process - Registro ya insertado: 5254350032511611.pdf File: metadata/2019/10/07/METADATA_C07.10.2019_556_FISICO.txt
2020-04-30 21:51:02 WARN  StartProcessIngesta:66 - Stand Alone process - Registro ya insertado: 5254350023074561.pdf File: metadata/2019/10/07/METADATA_C07.10.2019_556_FISICO.txt
2020-04-30 21:51:02 WARN  StartProcessIngesta:66 - Stand Alone process - Registro ya insertado: 5254350081140155.pdf File: metadata/2019/10/07/METADATA_C07.10.2019_556_FISICO.txt
2020-04-30 21:51:03 WARN  StartProcessIngesta:66 - Stand Alone process - Registro ya insertado: 5254350023763593.pdf File: metadata/2019/10/07/METADATA_C07.10.2019_556_FISICO.txt
2020-04-30 21:51:03 WARN  StartProcessIngesta:66 - Stand Alone process - Registro ya insertado: 5254350022108865.pdf File: metadata/2019/10/07/METADATA_C07.10.2019_556_FISICO.txt
2020-04-30 21:51:03 WARN  StartProcessIngesta:66 - Stand Alone process - Registro ya insertado: 5254350031126536.pdf File: metadata/2019/10/07/METADATA_C07.10.2019_556_FISICO.txt
2020-04-30 21:51:04 WARN  StartProcessIngesta:66 - Stand Alone process - Registro ya insertado: 5254350082753055.pdf File: metadata/2019/10/07/METADATA_C07.10.2019_556_FISICO.txt
2020-04-30 21:51:04 WARN  StartProcessIngesta:66 - Stand Alone process - Registro ya insertado: 5254350083559956.pdf File: metadata/2019/10/07/METADATA_C07.10.2019_556_FISICO.txt
2020-05-01 07:48:26 INFO  PropertiesUtil:102 - Load file properties
2020-05-01 07:48:26 INFO  StartProcessIngesta:34 - Stand Alone process - Consultando el Bucket: pe-soapros-capacniam-bucket-producto-prd/metadata/2019
2020-05-01 07:48:32 INFO  StartProcessIngesta:34 - Stand Alone process - Cantidad de archivos por procesar: 144
2020-05-01 07:48:32 INFO  StartProcessIngesta:34 - Stand Alone process - Cantidad de cortes a procesar: 144
2020-05-01 08:55:21 INFO  PropertiesUtil:102 - Load file properties
2020-05-01 08:55:21 INFO  StartProcessIngesta:34 - Stand Alone process - Consultando el Bucket: pe-soapros-capacniam-bucket-producto-prd/metadata/2019
2020-05-01 08:55:27 INFO  StartProcessIngesta:34 - Stand Alone process - Cantidad de archivos por procesar: 144
2020-05-01 08:55:27 INFO  StartProcessIngesta:34 - Stand Alone process - Cantidad de cortes a procesar: 144
2020-05-01 09:01:18 INFO  PropertiesUtil:102 - Load file properties
2020-05-01 09:01:18 INFO  StartProcessIngesta:34 - Stand Alone process - Consultando el Bucket: pe-soapros-capacniam-bucket-producto-prd/metadata/2020/03/07
2020-05-01 09:01:22 INFO  StartProcessIngesta:34 - Stand Alone process - Cantidad de archivos por procesar: 7
2020-05-01 09:01:22 INFO  StartProcessIngesta:34 - Stand Alone process - Cantidad de cortes a procesar: 1
2020-05-01 09:01:22 INFO  StartProcessIngesta:34 - Stand Alone process - FILE: metadata/2020/03/07/METADATA_C07.03.2020_557_FISICO.csv
2020-05-01 09:01:23 INFO  StartProcessIngesta:34 - Stand Alone process - Cantidad de Registros a procesar: 35
2020-05-01 09:01:24 INFO  StartProcessIngesta:34 - Stand Alone process - Producto saved: bn_ripley_316765435420700076676754
2020-05-01 09:01:25 INFO  StartProcessIngesta:34 - Stand Alone process - Movimiento saved: 9b02b2c1-5f4a-4d7d-8bcb-cd0720dcda3c
2020-05-01 09:01:25 INFO  StartProcessIngesta:34 - Stand Alone process - Producto saved: bn_ripley_093418715420700083287975
2020-05-01 09:01:25 INFO  StartProcessIngesta:34 - Stand Alone process - Movimiento saved: ed157964-e564-410c-b4e5-3aff747689e0
2020-05-01 09:01:26 INFO  StartProcessIngesta:34 - Stand Alone process - Producto saved: bn_ripley_093418715420700067491056
2020-05-01 09:01:26 INFO  StartProcessIngesta:34 - Stand Alone process - Movimiento saved: 8a838e79-1dba-449e-a67a-59f53328f0f3
2020-05-01 09:01:26 INFO  StartProcessIngesta:34 - Stand Alone process - Producto saved: bn_ripley_101476365420700017985090
2020-05-01 09:01:26 INFO  StartProcessIngesta:34 - Stand Alone process - Movimiento saved: 6697c082-fdee-4ffe-bd12-830dd5dca26f
2020-05-01 09:01:27 INFO  StartProcessIngesta:34 - Stand Alone process - Producto saved: bn_ripley_408627635420700017082898
2020-05-01 09:01:27 INFO  StartProcessIngesta:34 - Stand Alone process - Movimiento saved: 30a371bb-f2a3-4256-b95d-85b5528e95f1
2020-05-01 09:01:27 INFO  StartProcessIngesta:34 - Stand Alone process - Producto saved: bn_ripley_423265955420700051778880
2020-05-01 09:01:28 INFO  StartProcessIngesta:34 - Stand Alone process - Movimiento saved: fa4fd471-7119-4693-a9be-835620bcc12b
2020-05-01 09:01:28 INFO  StartProcessIngesta:34 - Stand Alone process - Producto saved: bn_ripley_417391025420700000231809
2020-05-01 09:01:28 INFO  StartProcessIngesta:34 - Stand Alone process - Movimiento saved: f6b8a071-f55d-441e-afca-fdfa54050a16
2020-05-01 09:01:29 INFO  StartProcessIngesta:34 - Stand Alone process - Producto saved: bn_ripley_008127505420700017920303
2020-05-01 09:01:29 INFO  StartProcessIngesta:34 - Stand Alone process - Movimiento saved: 6d37eb40-fda1-4d07-bef4-99de291a133b
2020-05-01 09:01:29 INFO  StartProcessIngesta:34 - Stand Alone process - Producto saved: bn_ripley_181976675420700085493555
2020-05-01 09:01:29 INFO  StartProcessIngesta:34 - Stand Alone process - Movimiento saved: 50f55a6f-b91a-4235-bebb-7da5e761e064
2020-05-01 09:01:30 INFO  StartProcessIngesta:34 - Stand Alone process - Producto saved: bn_ripley_181976675420700011670904
2020-05-01 09:01:30 INFO  StartProcessIngesta:34 - Stand Alone process - Movimiento saved: 11c5fadf-358e-4c46-a4f7-45fed6a27300
2020-05-01 09:01:30 INFO  StartProcessIngesta:34 - Stand Alone process - Producto saved: bn_ripley_297063635420700010301493
2020-05-01 09:01:30 INFO  StartProcessIngesta:34 - Stand Alone process - Movimiento saved: d5bd4c9d-0c1a-43a4-9a84-4b02a716d186
2020-05-01 09:01:31 INFO  StartProcessIngesta:34 - Stand Alone process - Producto saved: bn_ripley_411481145420700077877740
2020-05-01 09:01:31 INFO  StartProcessIngesta:34 - Stand Alone process - Movimiento saved: 80bbefd0-7c06-45b4-bd6f-2531948a141b
2020-05-01 09:01:31 INFO  StartProcessIngesta:34 - Stand Alone process - Producto saved: bn_ripley_257391305420700068102827
2020-05-01 09:01:32 INFO  StartProcessIngesta:34 - Stand Alone process - Movimiento saved: ee5189f6-ca95-48a6-9d8a-3df3c430c89a
2020-05-01 09:01:32 INFO  StartProcessIngesta:34 - Stand Alone process - Producto saved: bn_ripley_400115695420700003376056
2020-05-01 09:01:32 INFO  StartProcessIngesta:34 - Stand Alone process - Movimiento saved: b88df984-3b35-4ac0-a269-1d12779ba33a
2020-05-01 09:01:33 INFO  StartProcessIngesta:34 - Stand Alone process - Producto saved: bn_ripley_401654355420700082326865
2020-05-01 09:01:33 INFO  StartProcessIngesta:34 - Stand Alone process - Movimiento saved: c60d652a-a64f-4e48-8f17-712219b393ea
2020-05-01 09:01:34 INFO  StartProcessIngesta:34 - Stand Alone process - Producto saved: bn_ripley_401654355420700010931950
2020-05-01 09:01:34 INFO  StartProcessIngesta:34 - Stand Alone process - Movimiento saved: e311f1ff-d56a-4b42-b893-24899f3ce629
2020-05-01 09:01:34 INFO  StartProcessIngesta:34 - Stand Alone process - Producto saved: bn_ripley_468755005420700015358043
2020-05-01 09:01:34 INFO  StartProcessIngesta:34 - Stand Alone process - Movimiento saved: d2a31df1-fd76-4f6f-89ae-39db2773e5d5
2020-05-01 09:01:35 INFO  StartProcessIngesta:34 - Stand Alone process - Producto saved: bn_ripley_201133765420700010848642
2020-05-01 09:01:35 INFO  StartProcessIngesta:34 - Stand Alone process - Movimiento saved: 3a1bf426-3a4e-4113-9ce5-2e5537972b47
2020-05-01 09:01:36 INFO  StartProcessIngesta:34 - Stand Alone process - Producto saved: bn_ripley_448284885420700050677679
2020-05-01 09:01:36 INFO  StartProcessIngesta:34 - Stand Alone process - Movimiento saved: eff43029-d67b-490b-b251-16e08fd06c4b
2020-05-01 09:01:36 INFO  StartProcessIngesta:34 - Stand Alone process - Producto saved: bn_ripley_061180285420700013726746
2020-05-01 09:01:36 INFO  StartProcessIngesta:34 - Stand Alone process - Movimiento saved: d5defd7a-2a57-4d2a-8580-996d66751ee8
2020-05-01 09:01:37 INFO  StartProcessIngesta:34 - Stand Alone process - Producto saved: bn_ripley_105281095420700013708538
2020-05-01 09:01:37 INFO  StartProcessIngesta:34 - Stand Alone process - Movimiento saved: 60dde8e1-578a-4729-83cd-2eeba96e6a32
2020-05-01 09:01:37 INFO  StartProcessIngesta:34 - Stand Alone process - Producto saved: bn_ripley_094705095420700082290590
2020-05-01 09:01:37 INFO  StartProcessIngesta:34 - Stand Alone process - Movimiento saved: 789f2185-aef7-41b4-b37d-d2cdbe6492b8
2020-05-01 09:01:38 INFO  StartProcessIngesta:34 - Stand Alone process - Producto saved: bn_ripley_094705095420700011876691
2020-05-01 09:01:38 INFO  StartProcessIngesta:34 - Stand Alone process - Movimiento saved: 2f5904fc-8d3b-467a-850f-a3cc31e718f1
2020-05-01 09:01:38 INFO  StartProcessIngesta:34 - Stand Alone process - Producto saved: bn_ripley_217968495420700051834063
2020-05-01 09:01:39 INFO  StartProcessIngesta:34 - Stand Alone process - Movimiento saved: 45d5a03b-f5f8-4b56-8732-cf6cb2451227
2020-05-01 09:01:39 INFO  StartProcessIngesta:34 - Stand Alone process - Producto saved: bn_ripley_082812975420700059019717
2020-05-01 09:01:39 INFO  StartProcessIngesta:34 - Stand Alone process - Movimiento saved: 3d237ad2-27d8-42cc-9733-ce5def0f4a62
2020-05-01 09:01:40 INFO  StartProcessIngesta:34 - Stand Alone process - Producto saved: bn_ripley_093073555420700015657188
2020-05-01 09:01:40 INFO  StartProcessIngesta:34 - Stand Alone process - Movimiento saved: 37f3d805-ea6f-4393-8535-d79920392486
2020-05-01 09:01:40 INFO  StartProcessIngesta:34 - Stand Alone process - Producto saved: bn_ripley_078654415420700014323170
2020-05-01 09:01:40 INFO  StartProcessIngesta:34 - Stand Alone process - Movimiento saved: d65725a1-79cd-411b-b9b7-ffa8a89f7bce
2020-05-01 09:01:41 INFO  StartProcessIngesta:34 - Stand Alone process - Producto saved: bn_ripley_107843345420700016636975
2020-05-01 09:01:41 INFO  StartProcessIngesta:34 - Stand Alone process - Movimiento saved: 3e737860-04dd-4998-a6da-a6c89fc849ba
2020-05-01 09:01:42 INFO  StartProcessIngesta:34 - Stand Alone process - Producto saved: bn_ripley_222424355420700012294639
2020-05-01 09:01:42 INFO  StartProcessIngesta:34 - Stand Alone process - Movimiento saved: 86ab6363-b991-48a1-a435-750bb24330a3
2020-05-01 09:01:42 INFO  StartProcessIngesta:34 - Stand Alone process - Producto saved: bn_ripley_160275545420700012070013
2020-05-01 09:01:42 INFO  StartProcessIngesta:34 - Stand Alone process - Movimiento saved: 7ba23b96-be70-4a24-9058-e2767623f96d
2020-05-01 09:01:43 INFO  StartProcessIngesta:34 - Stand Alone process - Producto saved: bn_ripley_292306615420700084187455
2020-05-01 09:01:43 INFO  StartProcessIngesta:34 - Stand Alone process - Movimiento saved: 93c04b27-6fa0-4efc-8f76-5bc9906f6500
2020-05-01 09:01:43 INFO  StartProcessIngesta:34 - Stand Alone process - Producto saved: bn_ripley_258065095420700053264665
2020-05-01 09:01:43 INFO  StartProcessIngesta:34 - Stand Alone process - Movimiento saved: 69c69637-2123-42ea-8609-d9e81e650f98
2020-05-01 09:01:44 INFO  StartProcessIngesta:34 - Stand Alone process - Producto saved: bn_ripley_257454565420700070921750
2020-05-01 09:01:44 INFO  StartProcessIngesta:34 - Stand Alone process - Movimiento saved: 72fb2c9d-1f6c-418b-9ba4-35bcda5eb849
2020-05-01 09:01:44 INFO  StartProcessIngesta:34 - Stand Alone process - Producto saved: bn_ripley_095485765420700019368477
2020-05-01 09:01:45 INFO  StartProcessIngesta:34 - Stand Alone process - Movimiento saved: 356e1a60-e1d6-41a4-a0fb-4c843b818691
2020-05-01 09:01:45 INFO  StartProcessIngesta:34 - Stand Alone process - Producto saved: bn_ripley_062562515420700028154942
2020-05-01 09:01:45 INFO  StartProcessIngesta:34 - Stand Alone process - Movimiento saved: 308166f4-999c-43a9-b738-c8f27f19bffb
2020-05-01 09:01:45 INFO  StartProcessIngesta:34 - Stand Alone process - Resultado Metadata: metadata/2020/03/07/METADATA_C07.03.2020_557_FISICO.csvGuardados: 35 Duplicados: 0 Errores: 0 NOPDF: 0
2020-05-01 09:01:45 INFO  StartProcessIngesta:34 - Stand Alone process - Procesamiento Resultados
2020-05-01 09:01:45 INFO  StartProcessIngesta:34 - Stand Alone process - Metadata|cnt|cntDuplicados|cntErrores|cntGuardados|cntNOPDF
2020-05-01 09:01:45 INFO  StartProcessIngesta:34 - Stand Alone process - metadata/2020/03/07/METADATA_C07.03.2020_557_FISICO.csv|35|0|0|35|0
2020-05-01 09:01:45 INFO  StartProcessIngesta:34 - Stand Alone process - Exit Status: COMPLETED
