2020-04-22 22:57:45 INFO  PropertiesUtil:102 - Load file properties
2020-04-22 22:57:45 INFO  StartProcessIngesta:34 - Stand Alone process - Consultando el Bucket: pe-soapros-capacniam-bucket-producto-prd/bn_ripley/historico/2019/10/VIRTUAL/27
2020-04-22 22:57:46 INFO  StartProcessIngesta:34 - Stand Alone process - Cantidad de archivos por procesar: 1
2020-04-22 22:57:46 INFO  StartProcessIngesta:34 - Stand Alone process - Cantidad de cortes a procesar: 1
2020-04-22 22:57:46 INFO  StartProcessIngesta:34 - Stand Alone process - FILE: bn_ripley/historico/2019/10/VIRTUAL/27/METADATA_C27.10.2019_559_VIRTUAL.csv
2020-04-22 22:57:46 INFO  StartProcessIngesta:34 - Stand Alone process - Cantidad de Registros a procesar: 199
2020-04-22 22:57:46 ERROR StartProcessIngesta:50 - Stand Alone process - No Exist File: bn_ripley/historico/2019/10/VIRTUAL/27/METADATA_C27.10.2019_559_VIRTUAL.csv - CSV: Reporte [nomenclatura_pdf=9604300058003976.pdf, dni=41085419, s3_url=null]
2020-04-22 22:57:46 ERROR StartProcessIngesta:50 - Stand Alone process - No Exist File: bn_ripley/historico/2019/10/VIRTUAL/27/METADATA_C27.10.2019_559_VIRTUAL.csv - CSV: Reporte [nomenclatura_pdf=9604300024538980.pdf, dni=40600643, s3_url=null]
2020-04-22 22:57:46 ERROR StartProcessIngesta:50 - Stand Alone process - No Exist File: bn_ripley/historico/2019/10/VIRTUAL/27/METADATA_C27.10.2019_559_VIRTUAL.csv - CSV: Reporte [nomenclatura_pdf=9604300049601987.pdf, dni=70157423, s3_url=null]
2020-04-22 22:57:46 ERROR StartProcessIngesta:50 - Stand Alone process - No Exist File: bn_ripley/historico/2019/10/VIRTUAL/27/METADATA_C27.10.2019_559_VIRTUAL.csv - CSV: Reporte [nomenclatura_pdf=9604300005841155.pdf, dni=48410936, s3_url=null]
2020-04-22 22:57:46 ERROR StartProcessIngesta:50 - Stand Alone process - No Exist File: bn_ripley/historico/2019/10/VIRTUAL/27/METADATA_C27.10.2019_559_VIRTUAL.csv - CSV: Reporte [nomenclatura_pdf=9604300059480744.pdf, dni=21854751, s3_url=null]
2020-04-22 22:57:46 ERROR StartProcessIngesta:50 - Stand Alone process - No Exist File: bn_ripley/historico/2019/10/VIRTUAL/27/METADATA_C27.10.2019_559_VIRTUAL.csv - CSV: Reporte [nomenclatura_pdf=9604300026714530.pdf, dni=44820570, s3_url=null]
2020-04-22 22:57:46 ERROR StartProcessIngesta:50 - Stand Alone process - No Exist File: bn_ripley/historico/2019/10/VIRTUAL/27/METADATA_C27.10.2019_559_VIRTUAL.csv - CSV: Reporte [nomenclatura_pdf=9604300064159333.pdf, dni=46793856, s3_url=null]
2020-04-22 22:57:46 ERROR StartProcessIngesta:50 - Stand Alone process - No Exist File: bn_ripley/historico/2019/10/VIRTUAL/27/METADATA_C27.10.2019_559_VIRTUAL.csv - CSV: Reporte [nomenclatura_pdf=9604300056513901.pdf, dni=46691526, s3_url=null]
2020-04-22 22:57:46 ERROR StartProcessIngesta:50 - Stand Alone process - No Exist File: bn_ripley/historico/2019/10/VIRTUAL/27/METADATA_C27.10.2019_559_VIRTUAL.csv - CSV: Reporte [nomenclatura_pdf=9604300055548494.pdf, dni=46248345, s3_url=null]
2020-04-22 22:57:46 ERROR StartProcessIngesta:50 - Stand Alone process - No Exist File: bn_ripley/historico/2019/10/VIRTUAL/27/METADATA_C27.10.2019_559_VIRTUAL.csv - CSV: Reporte [nomenclatura_pdf=9604300021967091.pdf, dni=46799100, s3_url=null]
2020-04-22 22:57:46 ERROR StartProcessIngesta:50 - Stand Alone process - No Exist File: bn_ripley/historico/2019/10/VIRTUAL/27/METADATA_C27.10.2019_559_VIRTUAL.csv - CSV: Reporte [nomenclatura_pdf=9604300029073298.pdf, dni=48175838, s3_url=null]
2020-04-22 22:57:46 ERROR StartProcessIngesta:50 - Stand Alone process - No Exist File: bn_ripley/historico/2019/10/VIRTUAL/27/METADATA_C27.10.2019_559_VIRTUAL.csv - CSV: Reporte [nomenclatura_pdf=9604300047518084.pdf, dni=47897885, s3_url=null]
2020-04-22 22:57:46 ERROR StartProcessIngesta:50 - Stand Alone process - No Exist File: bn_ripley/historico/2019/10/VIRTUAL/27/METADATA_C27.10.2019_559_VIRTUAL.csv - CSV: Reporte [nomenclatura_pdf=9604300048296110.pdf, dni=06764318, s3_url=null]
2020-04-22 22:57:47 ERROR StartProcessIngesta:50 - Stand Alone process - No Exist File: bn_ripley/historico/2019/10/VIRTUAL/27/METADATA_C27.10.2019_559_VIRTUAL.csv - CSV: Reporte [nomenclatura_pdf=9604300022661701.pdf, dni=71925037, s3_url=null]
2020-04-22 22:57:47 ERROR StartProcessIngesta:50 - Stand Alone process - No Exist File: bn_ripley/historico/2019/10/VIRTUAL/27/METADATA_C27.10.2019_559_VIRTUAL.csv - CSV: Reporte [nomenclatura_pdf=9604300022332808.pdf, dni=47364843, s3_url=null]
2020-04-22 22:57:47 ERROR StartProcessIngesta:50 - Stand Alone process - No Exist File: bn_ripley/historico/2019/10/VIRTUAL/27/METADATA_C27.10.2019_559_VIRTUAL.csv - CSV: Reporte [nomenclatura_pdf=9604300017880183.pdf, dni=40468397, s3_url=null]
2020-04-22 22:57:47 ERROR StartProcessIngesta:50 - Stand Alone process - No Exist File: bn_ripley/historico/2019/10/VIRTUAL/27/METADATA_C27.10.2019_559_VIRTUAL.csv - CSV: Reporte [nomenclatura_pdf=9604300023643914.pdf, dni=42986364, s3_url=null]
2020-04-22 22:57:47 ERROR StartProcessIngesta:50 - Stand Alone process - No Exist File: bn_ripley/historico/2019/10/VIRTUAL/27/METADATA_C27.10.2019_559_VIRTUAL.csv - CSV: Reporte [nomenclatura_pdf=9604300021275917.pdf, dni=10429834, s3_url=null]
2020-04-22 22:57:47 ERROR StartProcessIngesta:50 - Stand Alone process - No Exist File: bn_ripley/historico/2019/10/VIRTUAL/27/METADATA_C27.10.2019_559_VIRTUAL.csv - CSV: Reporte [nomenclatura_pdf=9604300050316277.pdf, dni=70437859, s3_url=null]
2020-04-22 22:57:47 ERROR StartProcessIngesta:50 - Stand Alone process - No Exist File: bn_ripley/historico/2019/10/VIRTUAL/27/METADATA_C27.10.2019_559_VIRTUAL.csv - CSV: Reporte [nomenclatura_pdf=9604300045545725.pdf, dni=46417220, s3_url=null]
2020-04-22 22:57:47 ERROR StartProcessIngesta:50 - Stand Alone process - No Exist File: bn_ripley/historico/2019/10/VIRTUAL/27/METADATA_C27.10.2019_559_VIRTUAL.csv - CSV: Reporte [nomenclatura_pdf=9604300018380514.pdf, dni=41507708, s3_url=null]
2020-04-22 22:57:47 ERROR StartProcessIngesta:50 - Stand Alone process - No Exist File: bn_ripley/historico/2019/10/VIRTUAL/27/METADATA_C27.10.2019_559_VIRTUAL.csv - CSV: Reporte [nomenclatura_pdf=9604300013197962.pdf, dni=47110639, s3_url=null]
2020-04-22 22:57:47 ERROR StartProcessIngesta:50 - Stand Alone process - No Exist File: bn_ripley/historico/2019/10/VIRTUAL/27/METADATA_C27.10.2019_559_VIRTUAL.csv - CSV: Reporte [nomenclatura_pdf=9604300031429421.pdf, dni=40502890, s3_url=null]
2020-04-22 22:57:47 ERROR StartProcessIngesta:50 - Stand Alone process - No Exist File: bn_ripley/historico/2019/10/VIRTUAL/27/METADATA_C27.10.2019_559_VIRTUAL.csv - CSV: Reporte [nomenclatura_pdf=9604300011908451.pdf, dni=45780632, s3_url=null]
2020-04-22 22:57:47 ERROR StartProcessIngesta:50 - Stand Alone process - No Exist File: bn_ripley/historico/2019/10/VIRTUAL/27/METADATA_C27.10.2019_559_VIRTUAL.csv - CSV: Reporte [nomenclatura_pdf=9604300035952840.pdf, dni=10628307, s3_url=null]
2020-04-22 22:57:47 ERROR StartProcessIngesta:50 - Stand Alone process - No Exist File: bn_ripley/historico/2019/10/VIRTUAL/27/METADATA_C27.10.2019_559_VIRTUAL.csv - CSV: Reporte [nomenclatura_pdf=9604300023272268.pdf, dni=43802080, s3_url=null]
2020-04-22 22:57:47 ERROR StartProcessIngesta:50 - Stand Alone process - No Exist File: bn_ripley/historico/2019/10/VIRTUAL/27/METADATA_C27.10.2019_559_VIRTUAL.csv - CSV: Reporte [nomenclatura_pdf=9604300027492615.pdf, dni=45847905, s3_url=null]
2020-04-22 22:57:47 ERROR StartProcessIngesta:50 - Stand Alone process - No Exist File: bn_ripley/historico/2019/10/VIRTUAL/27/METADATA_C27.10.2019_559_VIRTUAL.csv - CSV: Reporte [nomenclatura_pdf=9604300025977849.pdf, dni=48032840, s3_url=null]
2020-04-22 22:57:47 ERROR StartProcessIngesta:50 - Stand Alone process - No Exist File: bn_ripley/historico/2019/10/VIRTUAL/27/METADATA_C27.10.2019_559_VIRTUAL.csv - CSV: Reporte [nomenclatura_pdf=9604300045437659.pdf, dni=42014275, s3_url=null]
2020-04-22 22:57:47 ERROR StartProcessIngesta:50 - Stand Alone process - No Exist File: bn_ripley/historico/2019/10/VIRTUAL/27/METADATA_C27.10.2019_559_VIRTUAL.csv - CSV: Reporte [nomenclatura_pdf=9604300030918010.pdf, dni=48301590, s3_url=null]
2020-04-22 22:57:47 ERROR StartProcessIngesta:50 - Stand Alone process - No Exist File: bn_ripley/historico/2019/10/VIRTUAL/27/METADATA_C27.10.2019_559_VIRTUAL.csv - CSV: Reporte [nomenclatura_pdf=9604300014443928.pdf, dni=45089182, s3_url=null]
2020-04-22 22:57:47 ERROR StartProcessIngesta:50 - Stand Alone process - No Exist File: bn_ripley/historico/2019/10/VIRTUAL/27/METADATA_C27.10.2019_559_VIRTUAL.csv - CSV: Reporte [nomenclatura_pdf=9604300032757028.pdf, dni=44238435, s3_url=null]
2020-04-22 22:57:47 ERROR StartProcessIngesta:50 - Stand Alone process - No Exist File: bn_ripley/historico/2019/10/VIRTUAL/27/METADATA_C27.10.2019_559_VIRTUAL.csv - CSV: Reporte [nomenclatura_pdf=9604300032385978.pdf, dni=47072998, s3_url=null]
2020-04-22 22:57:47 ERROR StartProcessIngesta:50 - Stand Alone process - No Exist File: bn_ripley/historico/2019/10/VIRTUAL/27/METADATA_C27.10.2019_559_VIRTUAL.csv - CSV: Reporte [nomenclatura_pdf=9604300019921381.pdf, dni=42182407, s3_url=null]
2020-04-22 22:57:47 ERROR StartProcessIngesta:50 - Stand Alone process - No Exist File: bn_ripley/historico/2019/10/VIRTUAL/27/METADATA_C27.10.2019_559_VIRTUAL.csv - CSV: Reporte [nomenclatura_pdf=9604300023089852.pdf, dni=42285104, s3_url=null]
2020-04-22 22:57:47 ERROR StartProcessIngesta:50 - Stand Alone process - No Exist File: bn_ripley/historico/2019/10/VIRTUAL/27/METADATA_C27.10.2019_559_VIRTUAL.csv - CSV: Reporte [nomenclatura_pdf=9604300021674721.pdf, dni=47628476, s3_url=null]
2020-04-22 22:57:47 ERROR StartProcessIngesta:50 - Stand Alone process - No Exist File: bn_ripley/historico/2019/10/VIRTUAL/27/METADATA_C27.10.2019_559_VIRTUAL.csv - CSV: Reporte [nomenclatura_pdf=9604300023434264.pdf, dni=42748439, s3_url=null]
2020-04-22 22:57:47 ERROR StartProcessIngesta:50 - Stand Alone process - No Exist File: bn_ripley/historico/2019/10/VIRTUAL/27/METADATA_C27.10.2019_559_VIRTUAL.csv - CSV: Reporte [nomenclatura_pdf=9604300020325473.pdf, dni=47399582, s3_url=null]
2020-04-22 22:57:47 ERROR StartProcessIngesta:50 - Stand Alone process - No Exist File: bn_ripley/historico/2019/10/VIRTUAL/27/METADATA_C27.10.2019_559_VIRTUAL.csv - CSV: Reporte [nomenclatura_pdf=9604300033969713.pdf, dni=40856616, s3_url=null]
2020-04-22 22:57:47 ERROR StartProcessIngesta:50 - Stand Alone process - No Exist File: bn_ripley/historico/2019/10/VIRTUAL/27/METADATA_C27.10.2019_559_VIRTUAL.csv - CSV: Reporte [nomenclatura_pdf=9604300028744162.pdf, dni=10182384, s3_url=null]
2020-04-22 22:57:47 ERROR StartProcessIngesta:50 - Stand Alone process - No Exist File: bn_ripley/historico/2019/10/VIRTUAL/27/METADATA_C27.10.2019_559_VIRTUAL.csv - CSV: Reporte [nomenclatura_pdf=9604300027719884.pdf, dni=44286892, s3_url=null]
2020-04-22 22:57:47 ERROR StartProcessIngesta:50 - Stand Alone process - No Exist File: bn_ripley/historico/2019/10/VIRTUAL/27/METADATA_C27.10.2019_559_VIRTUAL.csv - CSV: Reporte [nomenclatura_pdf=9604300019725626.pdf, dni=46763829, s3_url=null]
2020-04-22 22:57:47 ERROR StartProcessIngesta:50 - Stand Alone process - No Exist File: bn_ripley/historico/2019/10/VIRTUAL/27/METADATA_C27.10.2019_559_VIRTUAL.csv - CSV: Reporte [nomenclatura_pdf=9604300032796083.pdf, dni=43900199, s3_url=null]
2020-04-22 22:57:47 ERROR StartProcessIngesta:50 - Stand Alone process - No Exist File: bn_ripley/historico/2019/10/VIRTUAL/27/METADATA_C27.10.2019_559_VIRTUAL.csv - CSV: Reporte [nomenclatura_pdf=9604300035114656.pdf, dni=22424634, s3_url=null]
2020-04-22 22:57:47 ERROR StartProcessIngesta:50 - Stand Alone process - No Exist File: bn_ripley/historico/2019/10/VIRTUAL/27/METADATA_C27.10.2019_559_VIRTUAL.csv - CSV: Reporte [nomenclatura_pdf=9604300032522729.pdf, dni=47753264, s3_url=null]
2020-04-22 22:57:47 ERROR StartProcessIngesta:50 - Stand Alone process - No Exist File: bn_ripley/historico/2019/10/VIRTUAL/27/METADATA_C27.10.2019_559_VIRTUAL.csv - CSV: Reporte [nomenclatura_pdf=9604300035951800.pdf, dni=43352818, s3_url=null]
2020-04-22 22:57:47 ERROR StartProcessIngesta:50 - Stand Alone process - No Exist File: bn_ripley/historico/2019/10/VIRTUAL/27/METADATA_C27.10.2019_559_VIRTUAL.csv - CSV: Reporte [nomenclatura_pdf=9604300030510148.pdf, dni=41620054, s3_url=null]
2020-04-22 22:57:47 ERROR StartProcessIngesta:50 - Stand Alone process - No Exist File: bn_ripley/historico/2019/10/VIRTUAL/27/METADATA_C27.10.2019_559_VIRTUAL.csv - CSV: Reporte [nomenclatura_pdf=9604300022751122.pdf, dni=02845126, s3_url=null]
2020-04-22 22:57:47 ERROR StartProcessIngesta:50 - Stand Alone process - No Exist File: bn_ripley/historico/2019/10/VIRTUAL/27/METADATA_C27.10.2019_559_VIRTUAL.csv - CSV: Reporte [nomenclatura_pdf=9604300035302848.pdf, dni=02830891, s3_url=null]
2020-04-22 22:57:47 ERROR StartProcessIngesta:50 - Stand Alone process - No Exist File: bn_ripley/historico/2019/10/VIRTUAL/27/METADATA_C27.10.2019_559_VIRTUAL.csv - CSV: Reporte [nomenclatura_pdf=9604300035486385.pdf, dni=73587684, s3_url=null]
2020-04-22 22:57:47 ERROR StartProcessIngesta:50 - Stand Alone process - No Exist File: bn_ripley/historico/2019/10/VIRTUAL/27/METADATA_C27.10.2019_559_VIRTUAL.csv - CSV: Reporte [nomenclatura_pdf=9604300013875781.pdf, dni=45951226, s3_url=null]
2020-04-22 22:57:47 ERROR StartProcessIngesta:50 - Stand Alone process - No Exist File: bn_ripley/historico/2019/10/VIRTUAL/27/METADATA_C27.10.2019_559_VIRTUAL.csv - CSV: Reporte [nomenclatura_pdf=9604300016109238.pdf, dni=43353947, s3_url=null]
2020-04-22 22:57:47 ERROR StartProcessIngesta:50 - Stand Alone process - No Exist File: bn_ripley/historico/2019/10/VIRTUAL/27/METADATA_C27.10.2019_559_VIRTUAL.csv - CSV: Reporte [nomenclatura_pdf=9604300035872857.pdf, dni=46330270, s3_url=null]
2020-04-22 22:57:47 ERROR StartProcessIngesta:50 - Stand Alone process - No Exist File: bn_ripley/historico/2019/10/VIRTUAL/27/METADATA_C27.10.2019_559_VIRTUAL.csv - CSV: Reporte [nomenclatura_pdf=9604300050656599.pdf, dni=43230275, s3_url=null]
2020-04-22 22:57:47 ERROR StartProcessIngesta:50 - Stand Alone process - No Exist File: bn_ripley/historico/2019/10/VIRTUAL/27/METADATA_C27.10.2019_559_VIRTUAL.csv - CSV: Reporte [nomenclatura_pdf=9604300076453294.pdf, dni=46916313, s3_url=null]
2020-04-22 22:57:47 ERROR StartProcessIngesta:50 - Stand Alone process - No Exist File: bn_ripley/historico/2019/10/VIRTUAL/27/METADATA_C27.10.2019_559_VIRTUAL.csv - CSV: Reporte [nomenclatura_pdf=9604300023103950.pdf, dni=72041896, s3_url=null]
2020-04-22 22:57:47 ERROR StartProcessIngesta:50 - Stand Alone process - No Exist File: bn_ripley/historico/2019/10/VIRTUAL/27/METADATA_C27.10.2019_559_VIRTUAL.csv - CSV: Reporte [nomenclatura_pdf=9604300024360849.pdf, dni=47205224, s3_url=null]
2020-04-22 22:57:47 ERROR StartProcessIngesta:50 - Stand Alone process - No Exist File: bn_ripley/historico/2019/10/VIRTUAL/27/METADATA_C27.10.2019_559_VIRTUAL.csv - CSV: Reporte [nomenclatura_pdf=9604300053723289.pdf, dni=25780149, s3_url=null]
2020-04-22 22:57:47 ERROR StartProcessIngesta:50 - Stand Alone process - No Exist File: bn_ripley/historico/2019/10/VIRTUAL/27/METADATA_C27.10.2019_559_VIRTUAL.csv - CSV: Reporte [nomenclatura_pdf=9604300022047018.pdf, dni=25474904, s3_url=null]
2020-04-22 22:57:47 ERROR StartProcessIngesta:50 - Stand Alone process - No Exist File: bn_ripley/historico/2019/10/VIRTUAL/27/METADATA_C27.10.2019_559_VIRTUAL.csv - CSV: Reporte [nomenclatura_pdf=9604300022981539.pdf, dni=46255548, s3_url=null]
2020-04-22 22:57:47 ERROR StartProcessIngesta:50 - Stand Alone process - No Exist File: bn_ripley/historico/2019/10/VIRTUAL/27/METADATA_C27.10.2019_559_VIRTUAL.csv - CSV: Reporte [nomenclatura_pdf=9604300017092987.pdf, dni=06777084, s3_url=null]
2020-04-22 22:57:47 ERROR StartProcessIngesta:50 - Stand Alone process - No Exist File: bn_ripley/historico/2019/10/VIRTUAL/27/METADATA_C27.10.2019_559_VIRTUAL.csv - CSV: Reporte [nomenclatura_pdf=9604300038020967.pdf, dni=41472298, s3_url=null]
2020-04-22 22:57:47 ERROR StartProcessIngesta:50 - Stand Alone process - No Exist File: bn_ripley/historico/2019/10/VIRTUAL/27/METADATA_C27.10.2019_559_VIRTUAL.csv - CSV: Reporte [nomenclatura_pdf=9604300023506921.pdf, dni=47200808, s3_url=null]
2020-04-22 22:57:47 ERROR StartProcessIngesta:50 - Stand Alone process - No Exist File: bn_ripley/historico/2019/10/VIRTUAL/27/METADATA_C27.10.2019_559_VIRTUAL.csv - CSV: Reporte [nomenclatura_pdf=9604300059261888.pdf, dni=70343671, s3_url=null]
2020-04-22 22:57:47 ERROR StartProcessIngesta:50 - Stand Alone process - No Exist File: bn_ripley/historico/2019/10/VIRTUAL/27/METADATA_C27.10.2019_559_VIRTUAL.csv - CSV: Reporte [nomenclatura_pdf=9604300022300631.pdf, dni=72486223, s3_url=null]
2020-04-22 22:57:47 ERROR StartProcessIngesta:50 - Stand Alone process - No Exist File: bn_ripley/historico/2019/10/VIRTUAL/27/METADATA_C27.10.2019_559_VIRTUAL.csv - CSV: Reporte [nomenclatura_pdf=9604300023290195.pdf, dni=43648954, s3_url=null]
2020-04-22 22:57:47 ERROR StartProcessIngesta:50 - Stand Alone process - No Exist File: bn_ripley/historico/2019/10/VIRTUAL/27/METADATA_C27.10.2019_559_VIRTUAL.csv - CSV: Reporte [nomenclatura_pdf=9604300064943744.pdf, dni=46737251, s3_url=null]
2020-04-22 22:57:47 ERROR StartProcessIngesta:50 - Stand Alone process - No Exist File: bn_ripley/historico/2019/10/VIRTUAL/27/METADATA_C27.10.2019_559_VIRTUAL.csv - CSV: Reporte [nomenclatura_pdf=9604300012889403.pdf, dni=40191370, s3_url=null]
2020-04-22 22:57:47 ERROR StartProcessIngesta:50 - Stand Alone process - No Exist File: bn_ripley/historico/2019/10/VIRTUAL/27/METADATA_C27.10.2019_559_VIRTUAL.csv - CSV: Reporte [nomenclatura_pdf=9604300036372048.pdf, dni=48008016, s3_url=null]
2020-04-22 22:57:47 ERROR StartProcessIngesta:50 - Stand Alone process - No Exist File: bn_ripley/historico/2019/10/VIRTUAL/27/METADATA_C27.10.2019_559_VIRTUAL.csv - CSV: Reporte [nomenclatura_pdf=9604300035004329.pdf, dni=46223658, s3_url=null]
2020-04-22 22:57:47 ERROR StartProcessIngesta:50 - Stand Alone process - No Exist File: bn_ripley/historico/2019/10/VIRTUAL/27/METADATA_C27.10.2019_559_VIRTUAL.csv - CSV: Reporte [nomenclatura_pdf=9604300027748560.pdf, dni=43577440, s3_url=null]
2020-04-22 22:57:47 ERROR StartProcessIngesta:50 - Stand Alone process - No Exist File: bn_ripley/historico/2019/10/VIRTUAL/27/METADATA_C27.10.2019_559_VIRTUAL.csv - CSV: Reporte [nomenclatura_pdf=9604300031199263.pdf, dni=44363105, s3_url=null]
2020-04-22 22:57:47 ERROR StartProcessIngesta:50 - Stand Alone process - No Exist File: bn_ripley/historico/2019/10/VIRTUAL/27/METADATA_C27.10.2019_559_VIRTUAL.csv - CSV: Reporte [nomenclatura_pdf=9604300023993533.pdf, dni=47180770, s3_url=null]
2020-04-22 22:57:47 ERROR StartProcessIngesta:50 - Stand Alone process - No Exist File: bn_ripley/historico/2019/10/VIRTUAL/27/METADATA_C27.10.2019_559_VIRTUAL.csv - CSV: Reporte [nomenclatura_pdf=9604300044510134.pdf, dni=46409907, s3_url=null]
2020-04-22 22:57:47 ERROR StartProcessIngesta:50 - Stand Alone process - No Exist File: bn_ripley/historico/2019/10/VIRTUAL/27/METADATA_C27.10.2019_559_VIRTUAL.csv - CSV: Reporte [nomenclatura_pdf=9604300010465735.pdf, dni=47733951, s3_url=null]
2020-04-22 22:57:48 ERROR StartProcessIngesta:50 - Stand Alone process - No Exist File: bn_ripley/historico/2019/10/VIRTUAL/27/METADATA_C27.10.2019_559_VIRTUAL.csv - CSV: Reporte [nomenclatura_pdf=9604300039730689.pdf, dni=41644228, s3_url=null]
2020-04-22 22:57:48 ERROR StartProcessIngesta:50 - Stand Alone process - No Exist File: bn_ripley/historico/2019/10/VIRTUAL/27/METADATA_C27.10.2019_559_VIRTUAL.csv - CSV: Reporte [nomenclatura_pdf=9604300072247930.pdf, dni=45440408, s3_url=null]
2020-04-22 22:57:48 ERROR StartProcessIngesta:50 - Stand Alone process - No Exist File: bn_ripley/historico/2019/10/VIRTUAL/27/METADATA_C27.10.2019_559_VIRTUAL.csv - CSV: Reporte [nomenclatura_pdf=9604300025222428.pdf, dni=45121626, s3_url=null]
2020-04-22 22:57:48 ERROR StartProcessIngesta:50 - Stand Alone process - No Exist File: bn_ripley/historico/2019/10/VIRTUAL/27/METADATA_C27.10.2019_559_VIRTUAL.csv - CSV: Reporte [nomenclatura_pdf=9604300018440136.pdf, dni=16629690, s3_url=null]
2020-04-22 22:57:48 ERROR StartProcessIngesta:50 - Stand Alone process - No Exist File: bn_ripley/historico/2019/10/VIRTUAL/27/METADATA_C27.10.2019_559_VIRTUAL.csv - CSV: Reporte [nomenclatura_pdf=9604300020535600.pdf, dni=43549645, s3_url=null]
2020-04-22 22:57:48 ERROR StartProcessIngesta:50 - Stand Alone process - No Exist File: bn_ripley/historico/2019/10/VIRTUAL/27/METADATA_C27.10.2019_559_VIRTUAL.csv - CSV: Reporte [nomenclatura_pdf=9604300039465534.pdf, dni=17538787, s3_url=null]
2020-04-22 22:57:48 ERROR StartProcessIngesta:50 - Stand Alone process - No Exist File: bn_ripley/historico/2019/10/VIRTUAL/27/METADATA_C27.10.2019_559_VIRTUAL.csv - CSV: Reporte [nomenclatura_pdf=9604300032014867.pdf, dni=40072867, s3_url=null]
2020-04-22 22:57:48 ERROR StartProcessIngesta:50 - Stand Alone process - No Exist File: bn_ripley/historico/2019/10/VIRTUAL/27/METADATA_C27.10.2019_559_VIRTUAL.csv - CSV: Reporte [nomenclatura_pdf=9604300022382720.pdf, dni=46835087, s3_url=null]
2020-04-22 22:57:48 ERROR StartProcessIngesta:50 - Stand Alone process - No Exist File: bn_ripley/historico/2019/10/VIRTUAL/27/METADATA_C27.10.2019_559_VIRTUAL.csv - CSV: Reporte [nomenclatura_pdf=9604300068211866.pdf, dni=42175931, s3_url=null]
2020-04-22 22:57:48 ERROR StartProcessIngesta:50 - Stand Alone process - No Exist File: bn_ripley/historico/2019/10/VIRTUAL/27/METADATA_C27.10.2019_559_VIRTUAL.csv - CSV: Reporte [nomenclatura_pdf=9604300037730996.pdf, dni=45070392, s3_url=null]
2020-04-22 22:57:48 ERROR StartProcessIngesta:50 - Stand Alone process - No Exist File: bn_ripley/historico/2019/10/VIRTUAL/27/METADATA_C27.10.2019_559_VIRTUAL.csv - CSV: Reporte [nomenclatura_pdf=9604300057128725.pdf, dni=47161242, s3_url=null]
2020-04-22 22:57:48 ERROR StartProcessIngesta:50 - Stand Alone process - No Exist File: bn_ripley/historico/2019/10/VIRTUAL/27/METADATA_C27.10.2019_559_VIRTUAL.csv - CSV: Reporte [nomenclatura_pdf=9604300052209116.pdf, dni=10255124, s3_url=null]
2020-04-22 22:57:48 ERROR StartProcessIngesta:50 - Stand Alone process - No Exist File: bn_ripley/historico/2019/10/VIRTUAL/27/METADATA_C27.10.2019_559_VIRTUAL.csv - CSV: Reporte [nomenclatura_pdf=9604300035264006.pdf, dni=77074401, s3_url=null]
2020-04-22 22:57:48 ERROR StartProcessIngesta:50 - Stand Alone process - No Exist File: bn_ripley/historico/2019/10/VIRTUAL/27/METADATA_C27.10.2019_559_VIRTUAL.csv - CSV: Reporte [nomenclatura_pdf=9604300035659056.pdf, dni=41773366, s3_url=null]
2020-04-22 22:57:48 ERROR StartProcessIngesta:50 - Stand Alone process - No Exist File: bn_ripley/historico/2019/10/VIRTUAL/27/METADATA_C27.10.2019_559_VIRTUAL.csv - CSV: Reporte [nomenclatura_pdf=9604300022343136.pdf, dni=40877077, s3_url=null]
2020-04-22 22:57:48 ERROR StartProcessIngesta:50 - Stand Alone process - No Exist File: bn_ripley/historico/2019/10/VIRTUAL/27/METADATA_C27.10.2019_559_VIRTUAL.csv - CSV: Reporte [nomenclatura_pdf=9604300023035392.pdf, dni=42500253, s3_url=null]
2020-04-22 22:57:48 ERROR StartProcessIngesta:50 - Stand Alone process - No Exist File: bn_ripley/historico/2019/10/VIRTUAL/27/METADATA_C27.10.2019_559_VIRTUAL.csv - CSV: Reporte [nomenclatura_pdf=9604300014375328.pdf, dni=48271560, s3_url=null]
2020-04-22 22:57:48 ERROR StartProcessIngesta:50 - Stand Alone process - No Exist File: bn_ripley/historico/2019/10/VIRTUAL/27/METADATA_C27.10.2019_559_VIRTUAL.csv - CSV: Reporte [nomenclatura_pdf=9604300062855668.pdf, dni=44972318, s3_url=null]
2020-04-22 22:57:48 ERROR StartProcessIngesta:50 - Stand Alone process - No Exist File: bn_ripley/historico/2019/10/VIRTUAL/27/METADATA_C27.10.2019_559_VIRTUAL.csv - CSV: Reporte [nomenclatura_pdf=9604300014085570.pdf, dni=70586059, s3_url=null]
2020-04-22 22:57:48 ERROR StartProcessIngesta:50 - Stand Alone process - No Exist File: bn_ripley/historico/2019/10/VIRTUAL/27/METADATA_C27.10.2019_559_VIRTUAL.csv - CSV: Reporte [nomenclatura_pdf=9604300059389150.pdf, dni=47178992, s3_url=null]
2020-04-22 22:57:48 ERROR StartProcessIngesta:50 - Stand Alone process - No Exist File: bn_ripley/historico/2019/10/VIRTUAL/27/METADATA_C27.10.2019_559_VIRTUAL.csv - CSV: Reporte [nomenclatura_pdf=9604300036841604.pdf, dni=41580635, s3_url=null]
2020-04-22 22:57:48 ERROR StartProcessIngesta:50 - Stand Alone process - No Exist File: bn_ripley/historico/2019/10/VIRTUAL/27/METADATA_C27.10.2019_559_VIRTUAL.csv - CSV: Reporte [nomenclatura_pdf=9604300040630886.pdf, dni=09493662, s3_url=null]
2020-04-22 22:57:48 ERROR StartProcessIngesta:50 - Stand Alone process - No Exist File: bn_ripley/historico/2019/10/VIRTUAL/27/METADATA_C27.10.2019_559_VIRTUAL.csv - CSV: Reporte [nomenclatura_pdf=9604300021714915.pdf, dni=48030640, s3_url=null]
2020-04-22 22:57:48 ERROR StartProcessIngesta:50 - Stand Alone process - No Exist File: bn_ripley/historico/2019/10/VIRTUAL/27/METADATA_C27.10.2019_559_VIRTUAL.csv - CSV: Reporte [nomenclatura_pdf=9604300025050985.pdf, dni=47704767, s3_url=null]
2020-04-22 22:57:48 ERROR StartProcessIngesta:50 - Stand Alone process - No Exist File: bn_ripley/historico/2019/10/VIRTUAL/27/METADATA_C27.10.2019_559_VIRTUAL.csv - CSV: Reporte [nomenclatura_pdf=9604300027228522.pdf, dni=40021196, s3_url=null]
2020-04-22 22:57:48 ERROR StartProcessIngesta:50 - Stand Alone process - No Exist File: bn_ripley/historico/2019/10/VIRTUAL/27/METADATA_C27.10.2019_559_VIRTUAL.csv - CSV: Reporte [nomenclatura_pdf=9604300001108468.pdf, dni=45123359, s3_url=null]
2020-04-22 22:57:48 ERROR StartProcessIngesta:50 - Stand Alone process - No Exist File: bn_ripley/historico/2019/10/VIRTUAL/27/METADATA_C27.10.2019_559_VIRTUAL.csv - CSV: Reporte [nomenclatura_pdf=9604300052526147.pdf, dni=21858802, s3_url=null]
2020-04-22 22:57:48 ERROR StartProcessIngesta:50 - Stand Alone process - No Exist File: bn_ripley/historico/2019/10/VIRTUAL/27/METADATA_C27.10.2019_559_VIRTUAL.csv - CSV: Reporte [nomenclatura_pdf=9604300030955905.pdf, dni=06861512, s3_url=null]
2020-04-22 22:57:48 ERROR StartProcessIngesta:50 - Stand Alone process - No Exist File: bn_ripley/historico/2019/10/VIRTUAL/27/METADATA_C27.10.2019_559_VIRTUAL.csv - CSV: Reporte [nomenclatura_pdf=9604300028846025.pdf, dni=09985089, s3_url=null]
2020-04-22 22:57:48 ERROR StartProcessIngesta:50 - Stand Alone process - No Exist File: bn_ripley/historico/2019/10/VIRTUAL/27/METADATA_C27.10.2019_559_VIRTUAL.csv - CSV: Reporte [nomenclatura_pdf=9604300019442800.pdf, dni=41566999, s3_url=null]
2020-04-22 22:57:48 ERROR StartProcessIngesta:50 - Stand Alone process - No Exist File: bn_ripley/historico/2019/10/VIRTUAL/27/METADATA_C27.10.2019_559_VIRTUAL.csv - CSV: Reporte [nomenclatura_pdf=9604300023678340.pdf, dni=09475699, s3_url=null]
2020-04-22 22:57:48 ERROR StartProcessIngesta:50 - Stand Alone process - No Exist File: bn_ripley/historico/2019/10/VIRTUAL/27/METADATA_C27.10.2019_559_VIRTUAL.csv - CSV: Reporte [nomenclatura_pdf=9604300038061680.pdf, dni=40232420, s3_url=null]
2020-04-22 22:57:48 ERROR StartProcessIngesta:50 - Stand Alone process - No Exist File: bn_ripley/historico/2019/10/VIRTUAL/27/METADATA_C27.10.2019_559_VIRTUAL.csv - CSV: Reporte [nomenclatura_pdf=9604300023290823.pdf, dni=46749264, s3_url=null]
2020-04-22 22:57:48 ERROR StartProcessIngesta:50 - Stand Alone process - No Exist File: bn_ripley/historico/2019/10/VIRTUAL/27/METADATA_C27.10.2019_559_VIRTUAL.csv - CSV: Reporte [nomenclatura_pdf=9604300026435623.pdf, dni=46094532, s3_url=null]
2020-04-22 22:57:48 ERROR StartProcessIngesta:50 - Stand Alone process - No Exist File: bn_ripley/historico/2019/10/VIRTUAL/27/METADATA_C27.10.2019_559_VIRTUAL.csv - CSV: Reporte [nomenclatura_pdf=9604300057353141.pdf, dni=10505468, s3_url=null]
2020-04-22 22:57:48 ERROR StartProcessIngesta:50 - Stand Alone process - No Exist File: bn_ripley/historico/2019/10/VIRTUAL/27/METADATA_C27.10.2019_559_VIRTUAL.csv - CSV: Reporte [nomenclatura_pdf=9604300013768697.pdf, dni=07305414, s3_url=null]
2020-04-22 22:57:48 ERROR StartProcessIngesta:50 - Stand Alone process - No Exist File: bn_ripley/historico/2019/10/VIRTUAL/27/METADATA_C27.10.2019_559_VIRTUAL.csv - CSV: Reporte [nomenclatura_pdf=9604300034281613.pdf, dni=46417130, s3_url=null]
2020-04-22 22:57:48 ERROR StartProcessIngesta:50 - Stand Alone process - No Exist File: bn_ripley/historico/2019/10/VIRTUAL/27/METADATA_C27.10.2019_559_VIRTUAL.csv - CSV: Reporte [nomenclatura_pdf=9604300023905701.pdf, dni=06112420, s3_url=null]
2020-04-22 22:57:48 ERROR StartProcessIngesta:50 - Stand Alone process - No Exist File: bn_ripley/historico/2019/10/VIRTUAL/27/METADATA_C27.10.2019_559_VIRTUAL.csv - CSV: Reporte [nomenclatura_pdf=9604300013072959.pdf, dni=46301395, s3_url=null]
2020-04-22 22:57:48 ERROR StartProcessIngesta:50 - Stand Alone process - No Exist File: bn_ripley/historico/2019/10/VIRTUAL/27/METADATA_C27.10.2019_559_VIRTUAL.csv - CSV: Reporte [nomenclatura_pdf=9604300078118176.pdf, dni=45209473, s3_url=null]
2020-04-22 22:57:48 ERROR StartProcessIngesta:50 - Stand Alone process - No Exist File: bn_ripley/historico/2019/10/VIRTUAL/27/METADATA_C27.10.2019_559_VIRTUAL.csv - CSV: Reporte [nomenclatura_pdf=9604300051504723.pdf, dni=46787334, s3_url=null]
2020-04-22 22:57:48 ERROR StartProcessIngesta:50 - Stand Alone process - No Exist File: bn_ripley/historico/2019/10/VIRTUAL/27/METADATA_C27.10.2019_559_VIRTUAL.csv - CSV: Reporte [nomenclatura_pdf=9604300027093868.pdf, dni=41158430, s3_url=null]
2020-04-22 22:57:48 ERROR StartProcessIngesta:50 - Stand Alone process - No Exist File: bn_ripley/historico/2019/10/VIRTUAL/27/METADATA_C27.10.2019_559_VIRTUAL.csv - CSV: Reporte [nomenclatura_pdf=9604300038632449.pdf, dni=09802226, s3_url=null]
2020-04-22 22:57:48 ERROR StartProcessIngesta:50 - Stand Alone process - No Exist File: bn_ripley/historico/2019/10/VIRTUAL/27/METADATA_C27.10.2019_559_VIRTUAL.csv - CSV: Reporte [nomenclatura_pdf=9604300025102547.pdf, dni=32651011, s3_url=null]
2020-04-22 22:57:48 ERROR StartProcessIngesta:50 - Stand Alone process - No Exist File: bn_ripley/historico/2019/10/VIRTUAL/27/METADATA_C27.10.2019_559_VIRTUAL.csv - CSV: Reporte [nomenclatura_pdf=9604300023835403.pdf, dni=41718927, s3_url=null]
2020-04-22 22:57:48 ERROR StartProcessIngesta:50 - Stand Alone process - No Exist File: bn_ripley/historico/2019/10/VIRTUAL/27/METADATA_C27.10.2019_559_VIRTUAL.csv - CSV: Reporte [nomenclatura_pdf=9604300026512611.pdf, dni=40011298, s3_url=null]
2020-04-22 22:57:48 ERROR StartProcessIngesta:50 - Stand Alone process - No Exist File: bn_ripley/historico/2019/10/VIRTUAL/27/METADATA_C27.10.2019_559_VIRTUAL.csv - CSV: Reporte [nomenclatura_pdf=9604300037410201.pdf, dni=46356642, s3_url=null]
2020-04-22 22:57:48 ERROR StartProcessIngesta:50 - Stand Alone process - No Exist File: bn_ripley/historico/2019/10/VIRTUAL/27/METADATA_C27.10.2019_559_VIRTUAL.csv - CSV: Reporte [nomenclatura_pdf=9604300037240079.pdf, dni=08461511, s3_url=null]
2020-04-22 22:57:48 ERROR StartProcessIngesta:50 - Stand Alone process - No Exist File: bn_ripley/historico/2019/10/VIRTUAL/27/METADATA_C27.10.2019_559_VIRTUAL.csv - CSV: Reporte [nomenclatura_pdf=9604300034465042.pdf, dni=44984093, s3_url=null]
2020-04-22 22:57:48 ERROR StartProcessIngesta:50 - Stand Alone process - No Exist File: bn_ripley/historico/2019/10/VIRTUAL/27/METADATA_C27.10.2019_559_VIRTUAL.csv - CSV: Reporte [nomenclatura_pdf=9604300031375079.pdf, dni=09900090, s3_url=null]
2020-04-22 22:57:48 ERROR StartProcessIngesta:50 - Stand Alone process - No Exist File: bn_ripley/historico/2019/10/VIRTUAL/27/METADATA_C27.10.2019_559_VIRTUAL.csv - CSV: Reporte [nomenclatura_pdf=9604300031017671.pdf, dni=40694812, s3_url=null]
2020-04-22 22:57:48 ERROR StartProcessIngesta:50 - Stand Alone process - No Exist File: bn_ripley/historico/2019/10/VIRTUAL/27/METADATA_C27.10.2019_559_VIRTUAL.csv - CSV: Reporte [nomenclatura_pdf=9604300043301675.pdf, dni=47639489, s3_url=null]
2020-04-22 22:57:49 ERROR StartProcessIngesta:50 - Stand Alone process - No Exist File: bn_ripley/historico/2019/10/VIRTUAL/27/METADATA_C27.10.2019_559_VIRTUAL.csv - CSV: Reporte [nomenclatura_pdf=9604300031663920.pdf, dni=46784000, s3_url=null]
2020-04-22 22:57:49 ERROR StartProcessIngesta:50 - Stand Alone process - No Exist File: bn_ripley/historico/2019/10/VIRTUAL/27/METADATA_C27.10.2019_559_VIRTUAL.csv - CSV: Reporte [nomenclatura_pdf=9604300030366657.pdf, dni=09886411, s3_url=null]
2020-04-22 22:57:49 ERROR StartProcessIngesta:50 - Stand Alone process - No Exist File: bn_ripley/historico/2019/10/VIRTUAL/27/METADATA_C27.10.2019_559_VIRTUAL.csv - CSV: Reporte [nomenclatura_pdf=9604300023804003.pdf, dni=72933493, s3_url=null]
2020-04-22 22:57:49 ERROR StartProcessIngesta:50 - Stand Alone process - No Exist File: bn_ripley/historico/2019/10/VIRTUAL/27/METADATA_C27.10.2019_559_VIRTUAL.csv - CSV: Reporte [nomenclatura_pdf=9604300059711866.pdf, dni=08080027, s3_url=null]
2020-04-22 22:57:49 ERROR StartProcessIngesta:50 - Stand Alone process - No Exist File: bn_ripley/historico/2019/10/VIRTUAL/27/METADATA_C27.10.2019_559_VIRTUAL.csv - CSV: Reporte [nomenclatura_pdf=9604300053250804.pdf, dni=08035861, s3_url=null]
2020-04-22 22:57:49 ERROR StartProcessIngesta:50 - Stand Alone process - No Exist File: bn_ripley/historico/2019/10/VIRTUAL/27/METADATA_C27.10.2019_559_VIRTUAL.csv - CSV: Reporte [nomenclatura_pdf=9604300026895909.pdf, dni=46089178, s3_url=null]
2020-04-22 22:57:49 ERROR StartProcessIngesta:50 - Stand Alone process - No Exist File: bn_ripley/historico/2019/10/VIRTUAL/27/METADATA_C27.10.2019_559_VIRTUAL.csv - CSV: Reporte [nomenclatura_pdf=9604300010799216.pdf, dni=44521329, s3_url=null]
2020-04-22 22:57:49 ERROR StartProcessIngesta:50 - Stand Alone process - No Exist File: bn_ripley/historico/2019/10/VIRTUAL/27/METADATA_C27.10.2019_559_VIRTUAL.csv - CSV: Reporte [nomenclatura_pdf=9604300047985069.pdf, dni=45492687, s3_url=null]
2020-04-22 22:57:49 ERROR StartProcessIngesta:50 - Stand Alone process - No Exist File: bn_ripley/historico/2019/10/VIRTUAL/27/METADATA_C27.10.2019_559_VIRTUAL.csv - CSV: Reporte [nomenclatura_pdf=9604300054785857.pdf, dni=44787288, s3_url=null]
2020-04-22 22:57:49 ERROR StartProcessIngesta:50 - Stand Alone process - No Exist File: bn_ripley/historico/2019/10/VIRTUAL/27/METADATA_C27.10.2019_559_VIRTUAL.csv - CSV: Reporte [nomenclatura_pdf=9604300072075992.pdf, dni=44305975, s3_url=null]
2020-04-22 22:57:49 ERROR StartProcessIngesta:50 - Stand Alone process - No Exist File: bn_ripley/historico/2019/10/VIRTUAL/27/METADATA_C27.10.2019_559_VIRTUAL.csv - CSV: Reporte [nomenclatura_pdf=9604300049122513.pdf, dni=47251799, s3_url=null]
2020-04-22 22:57:49 ERROR StartProcessIngesta:50 - Stand Alone process - No Exist File: bn_ripley/historico/2019/10/VIRTUAL/27/METADATA_C27.10.2019_559_VIRTUAL.csv - CSV: Reporte [nomenclatura_pdf=9604300055701945.pdf, dni=43462361, s3_url=null]
2020-04-22 22:57:49 ERROR StartProcessIngesta:50 - Stand Alone process - No Exist File: bn_ripley/historico/2019/10/VIRTUAL/27/METADATA_C27.10.2019_559_VIRTUAL.csv - CSV: Reporte [nomenclatura_pdf=9604300040490612.pdf, dni=09325771, s3_url=null]
2020-04-22 22:57:49 ERROR StartProcessIngesta:50 - Stand Alone process - No Exist File: bn_ripley/historico/2019/10/VIRTUAL/27/METADATA_C27.10.2019_559_VIRTUAL.csv - CSV: Reporte [nomenclatura_pdf=9604300040065083.pdf, dni=40683687, s3_url=null]
2020-04-22 22:57:49 ERROR StartProcessIngesta:50 - Stand Alone process - No Exist File: bn_ripley/historico/2019/10/VIRTUAL/27/METADATA_C27.10.2019_559_VIRTUAL.csv - CSV: Reporte [nomenclatura_pdf=9604300035323257.pdf, dni=46170724, s3_url=null]
2020-04-22 22:57:49 ERROR StartProcessIngesta:50 - Stand Alone process - No Exist File: bn_ripley/historico/2019/10/VIRTUAL/27/METADATA_C27.10.2019_559_VIRTUAL.csv - CSV: Reporte [nomenclatura_pdf=9604300015141158.pdf, dni=48157626, s3_url=null]
2020-04-22 22:57:49 ERROR StartProcessIngesta:50 - Stand Alone process - No Exist File: bn_ripley/historico/2019/10/VIRTUAL/27/METADATA_C27.10.2019_559_VIRTUAL.csv - CSV: Reporte [nomenclatura_pdf=9604300014908904.pdf, dni=10022408, s3_url=null]
2020-04-22 22:57:49 ERROR StartProcessIngesta:50 - Stand Alone process - No Exist File: bn_ripley/historico/2019/10/VIRTUAL/27/METADATA_C27.10.2019_559_VIRTUAL.csv - CSV: Reporte [nomenclatura_pdf=9604300057352705.pdf, dni=43809975, s3_url=null]
2020-04-22 22:57:49 ERROR StartProcessIngesta:50 - Stand Alone process - No Exist File: bn_ripley/historico/2019/10/VIRTUAL/27/METADATA_C27.10.2019_559_VIRTUAL.csv - CSV: Reporte [nomenclatura_pdf=9604300056400760.pdf, dni=10649570, s3_url=null]
2020-04-22 22:57:49 ERROR StartProcessIngesta:50 - Stand Alone process - No Exist File: bn_ripley/historico/2019/10/VIRTUAL/27/METADATA_C27.10.2019_559_VIRTUAL.csv - CSV: Reporte [nomenclatura_pdf=9604300022342419.pdf, dni=40935428, s3_url=null]
2020-04-22 22:57:49 ERROR StartProcessIngesta:50 - Stand Alone process - No Exist File: bn_ripley/historico/2019/10/VIRTUAL/27/METADATA_C27.10.2019_559_VIRTUAL.csv - CSV: Reporte [nomenclatura_pdf=9604300032431970.pdf, dni=09599529, s3_url=null]
2020-04-22 22:57:49 ERROR StartProcessIngesta:50 - Stand Alone process - No Exist File: bn_ripley/historico/2019/10/VIRTUAL/27/METADATA_C27.10.2019_559_VIRTUAL.csv - CSV: Reporte [nomenclatura_pdf=9604300020864786.pdf, dni=44854150, s3_url=null]
2020-04-22 22:57:49 ERROR StartProcessIngesta:50 - Stand Alone process - No Exist File: bn_ripley/historico/2019/10/VIRTUAL/27/METADATA_C27.10.2019_559_VIRTUAL.csv - CSV: Reporte [nomenclatura_pdf=9604300013989475.pdf, dni=44290957, s3_url=null]
2020-04-22 22:57:49 ERROR StartProcessIngesta:50 - Stand Alone process - No Exist File: bn_ripley/historico/2019/10/VIRTUAL/27/METADATA_C27.10.2019_559_VIRTUAL.csv - CSV: Reporte [nomenclatura_pdf=9604300019307862.pdf, dni=47293698, s3_url=null]
2020-04-22 22:57:49 ERROR StartProcessIngesta:50 - Stand Alone process - No Exist File: bn_ripley/historico/2019/10/VIRTUAL/27/METADATA_C27.10.2019_559_VIRTUAL.csv - CSV: Reporte [nomenclatura_pdf=9604300055746064.pdf, dni=07467217, s3_url=null]
2020-04-22 22:57:49 ERROR StartProcessIngesta:50 - Stand Alone process - No Exist File: bn_ripley/historico/2019/10/VIRTUAL/27/METADATA_C27.10.2019_559_VIRTUAL.csv - CSV: Reporte [nomenclatura_pdf=9604300035252035.pdf, dni=44098467, s3_url=null]
2020-04-22 22:57:49 ERROR StartProcessIngesta:50 - Stand Alone process - No Exist File: bn_ripley/historico/2019/10/VIRTUAL/27/METADATA_C27.10.2019_559_VIRTUAL.csv - CSV: Reporte [nomenclatura_pdf=9604300028797947.pdf, dni=44454050, s3_url=null]
2020-04-22 22:57:49 ERROR StartProcessIngesta:50 - Stand Alone process - No Exist File: bn_ripley/historico/2019/10/VIRTUAL/27/METADATA_C27.10.2019_559_VIRTUAL.csv - CSV: Reporte [nomenclatura_pdf=9604300018626742.pdf, dni=08571266, s3_url=null]
2020-04-22 22:57:49 ERROR StartProcessIngesta:50 - Stand Alone process - No Exist File: bn_ripley/historico/2019/10/VIRTUAL/27/METADATA_C27.10.2019_559_VIRTUAL.csv - CSV: Reporte [nomenclatura_pdf=9604300029454720.pdf, dni=41221740, s3_url=null]
2020-04-22 22:57:50 ERROR StartProcessIngesta:50 - Stand Alone process - No Exist File: bn_ripley/historico/2019/10/VIRTUAL/27/METADATA_C27.10.2019_559_VIRTUAL.csv - CSV: Reporte [nomenclatura_pdf=9604300030433655.pdf, dni=46010468, s3_url=null]
2020-04-22 22:57:50 ERROR StartProcessIngesta:50 - Stand Alone process - No Exist File: bn_ripley/historico/2019/10/VIRTUAL/27/METADATA_C27.10.2019_559_VIRTUAL.csv - CSV: Reporte [nomenclatura_pdf=9604300034591516.pdf, dni=46265948, s3_url=null]
2020-04-22 22:57:50 ERROR StartProcessIngesta:50 - Stand Alone process - No Exist File: bn_ripley/historico/2019/10/VIRTUAL/27/METADATA_C27.10.2019_559_VIRTUAL.csv - CSV: Reporte [nomenclatura_pdf=9604300016945854.pdf, dni=09276518, s3_url=null]
2020-04-22 22:57:50 ERROR StartProcessIngesta:50 - Stand Alone process - No Exist File: bn_ripley/historico/2019/10/VIRTUAL/27/METADATA_C27.10.2019_559_VIRTUAL.csv - CSV: Reporte [nomenclatura_pdf=9604300011488116.pdf, dni=40396045, s3_url=null]
2020-04-22 22:57:50 ERROR StartProcessIngesta:50 - Stand Alone process - No Exist File: bn_ripley/historico/2019/10/VIRTUAL/27/METADATA_C27.10.2019_559_VIRTUAL.csv - CSV: Reporte [nomenclatura_pdf=9604300000997820.pdf, dni=48294568, s3_url=null]
2020-04-22 22:57:50 ERROR StartProcessIngesta:50 - Stand Alone process - No Exist File: bn_ripley/historico/2019/10/VIRTUAL/27/METADATA_C27.10.2019_559_VIRTUAL.csv - CSV: Reporte [nomenclatura_pdf=9604300050237846.pdf, dni=44395410, s3_url=null]
2020-04-22 22:57:50 ERROR StartProcessIngesta:50 - Stand Alone process - No Exist File: bn_ripley/historico/2019/10/VIRTUAL/27/METADATA_C27.10.2019_559_VIRTUAL.csv - CSV: Reporte [nomenclatura_pdf=9604300021967216.pdf, dni=09862613, s3_url=null]
2020-04-22 22:57:50 ERROR StartProcessIngesta:50 - Stand Alone process - No Exist File: bn_ripley/historico/2019/10/VIRTUAL/27/METADATA_C27.10.2019_559_VIRTUAL.csv - CSV: Reporte [nomenclatura_pdf=9604300037140071.pdf, dni=73886331, s3_url=null]
2020-04-22 22:57:50 ERROR StartProcessIngesta:50 - Stand Alone process - No Exist File: bn_ripley/historico/2019/10/VIRTUAL/27/METADATA_C27.10.2019_559_VIRTUAL.csv - CSV: Reporte [nomenclatura_pdf=9604300022205921.pdf, dni=47490114, s3_url=null]
2020-04-22 22:57:50 ERROR StartProcessIngesta:50 - Stand Alone process - No Exist File: bn_ripley/historico/2019/10/VIRTUAL/27/METADATA_C27.10.2019_559_VIRTUAL.csv - CSV: Reporte [nomenclatura_pdf=9604300011135501.pdf, dni=47305127, s3_url=null]
2020-04-22 22:57:50 ERROR StartProcessIngesta:50 - Stand Alone process - No Exist File: bn_ripley/historico/2019/10/VIRTUAL/27/METADATA_C27.10.2019_559_VIRTUAL.csv - CSV: Reporte [nomenclatura_pdf=9604300057549334.pdf, dni=70191514, s3_url=null]
2020-04-22 22:57:50 ERROR StartProcessIngesta:50 - Stand Alone process - No Exist File: bn_ripley/historico/2019/10/VIRTUAL/27/METADATA_C27.10.2019_559_VIRTUAL.csv - CSV: Reporte [nomenclatura_pdf=9604300045327108.pdf, dni=77208964, s3_url=null]
2020-04-22 22:57:50 ERROR StartProcessIngesta:50 - Stand Alone process - No Exist File: bn_ripley/historico/2019/10/VIRTUAL/27/METADATA_C27.10.2019_559_VIRTUAL.csv - CSV: Reporte [nomenclatura_pdf=9604300030147347.pdf, dni=09871098, s3_url=null]
2020-04-22 22:57:50 ERROR StartProcessIngesta:50 - Stand Alone process - No Exist File: bn_ripley/historico/2019/10/VIRTUAL/27/METADATA_C27.10.2019_559_VIRTUAL.csv - CSV: Reporte [nomenclatura_pdf=9604300008487345.pdf, dni=46620099, s3_url=null]
2020-04-22 22:57:50 ERROR StartProcessIngesta:50 - Stand Alone process - No Exist File: bn_ripley/historico/2019/10/VIRTUAL/27/METADATA_C27.10.2019_559_VIRTUAL.csv - CSV: Reporte [nomenclatura_pdf=9604300056420065.pdf, dni=48036120, s3_url=null]
2020-04-22 22:57:50 ERROR StartProcessIngesta:50 - Stand Alone process - No Exist File: bn_ripley/historico/2019/10/VIRTUAL/27/METADATA_C27.10.2019_559_VIRTUAL.csv - CSV: Reporte [nomenclatura_pdf=9604300015131704.pdf, dni=41186052, s3_url=null]
2020-04-22 22:57:50 ERROR StartProcessIngesta:50 - Stand Alone process - No Exist File: bn_ripley/historico/2019/10/VIRTUAL/27/METADATA_C27.10.2019_559_VIRTUAL.csv - CSV: Reporte [nomenclatura_pdf=9604300037831885.pdf, dni=09941219, s3_url=null]
2020-04-22 22:57:50 ERROR StartProcessIngesta:50 - Stand Alone process - No Exist File: bn_ripley/historico/2019/10/VIRTUAL/27/METADATA_C27.10.2019_559_VIRTUAL.csv - CSV: Reporte [nomenclatura_pdf=9604300035830657.pdf, dni=40037237, s3_url=null]
2020-04-22 22:57:50 ERROR StartProcessIngesta:50 - Stand Alone process - No Exist File: bn_ripley/historico/2019/10/VIRTUAL/27/METADATA_C27.10.2019_559_VIRTUAL.csv - CSV: Reporte [nomenclatura_pdf=9604300038304767.pdf, dni=43660536, s3_url=null]
2020-04-22 22:57:50 ERROR StartProcessIngesta:50 - Stand Alone process - No Exist File: bn_ripley/historico/2019/10/VIRTUAL/27/METADATA_C27.10.2019_559_VIRTUAL.csv - CSV: Reporte [nomenclatura_pdf=9604300028030877.pdf, dni=45288332, s3_url=null]
2020-04-22 22:57:50 ERROR StartProcessIngesta:50 - Stand Alone process - No Exist File: bn_ripley/historico/2019/10/VIRTUAL/27/METADATA_C27.10.2019_559_VIRTUAL.csv - CSV: Reporte [nomenclatura_pdf=9604300024708260.pdf, dni=43781871, s3_url=null]
2020-04-22 22:57:50 ERROR StartProcessIngesta:50 - Stand Alone process - No Exist File: bn_ripley/historico/2019/10/VIRTUAL/27/METADATA_C27.10.2019_559_VIRTUAL.csv - CSV: Reporte [nomenclatura_pdf=9604300010558273.pdf, dni=41658380, s3_url=null]
2020-04-22 22:57:50 ERROR StartProcessIngesta:50 - Stand Alone process - No Exist File: bn_ripley/historico/2019/10/VIRTUAL/27/METADATA_C27.10.2019_559_VIRTUAL.csv - CSV: Reporte [nomenclatura_pdf=9604300036871338.pdf, dni=47819437, s3_url=null]
2020-04-22 22:57:50 ERROR StartProcessIngesta:50 - Stand Alone process - No Exist File: bn_ripley/historico/2019/10/VIRTUAL/27/METADATA_C27.10.2019_559_VIRTUAL.csv - CSV: Reporte [nomenclatura_pdf=9604300025681649.pdf, dni=47184156, s3_url=null]
2020-04-22 22:57:50 ERROR StartProcessIngesta:50 - Stand Alone process - No Exist File: bn_ripley/historico/2019/10/VIRTUAL/27/METADATA_C27.10.2019_559_VIRTUAL.csv - CSV: Reporte [nomenclatura_pdf=9604300033180600.pdf, dni=45435527, s3_url=null]
2020-04-22 22:57:50 ERROR StartProcessIngesta:50 - Stand Alone process - No Exist File: bn_ripley/historico/2019/10/VIRTUAL/27/METADATA_C27.10.2019_559_VIRTUAL.csv - CSV: Reporte [nomenclatura_pdf=9604300029733123.pdf, dni=25815874, s3_url=null]
2020-04-22 22:57:50 ERROR StartProcessIngesta:50 - Stand Alone process - No Exist File: bn_ripley/historico/2019/10/VIRTUAL/27/METADATA_C27.10.2019_559_VIRTUAL.csv - CSV: Reporte [nomenclatura_pdf=9604300022881143.pdf, dni=73215767, s3_url=null]
2020-04-22 22:57:50 ERROR StartProcessIngesta:50 - Stand Alone process - No Exist File: bn_ripley/historico/2019/10/VIRTUAL/27/METADATA_C27.10.2019_559_VIRTUAL.csv - CSV: Reporte [nomenclatura_pdf=9604300022909456.pdf, dni=80166230, s3_url=null]
2020-04-22 22:57:50 ERROR StartProcessIngesta:50 - Stand Alone process - No Exist File: bn_ripley/historico/2019/10/VIRTUAL/27/METADATA_C27.10.2019_559_VIRTUAL.csv - CSV: Reporte [nomenclatura_pdf=9604300021967935.pdf, dni=43089252, s3_url=null]
2020-04-22 22:57:50 ERROR StartProcessIngesta:50 - Stand Alone process - No Exist File: bn_ripley/historico/2019/10/VIRTUAL/27/METADATA_C27.10.2019_559_VIRTUAL.csv - CSV: Reporte [nomenclatura_pdf=9604300027300040.pdf, dni=02789052, s3_url=null]
2020-04-22 22:57:50 ERROR StartProcessIngesta:50 - Stand Alone process - No Exist File: bn_ripley/historico/2019/10/VIRTUAL/27/METADATA_C27.10.2019_559_VIRTUAL.csv - CSV: Reporte [nomenclatura_pdf=9604300025988481.pdf, dni=43731319, s3_url=null]
2020-04-22 22:57:50 ERROR StartProcessIngesta:50 - Stand Alone process - No Exist File: bn_ripley/historico/2019/10/VIRTUAL/27/METADATA_C27.10.2019_559_VIRTUAL.csv - CSV: Reporte [nomenclatura_pdf=9604300076110589.pdf, dni=02845482, s3_url=null]
2020-04-22 22:57:50 ERROR StartProcessIngesta:50 - Stand Alone process - No Exist File: bn_ripley/historico/2019/10/VIRTUAL/27/METADATA_C27.10.2019_559_VIRTUAL.csv - CSV: Reporte [nomenclatura_pdf=9604300001437669.pdf, dni=02621594, s3_url=null]
2020-04-22 22:57:50 ERROR StartProcessIngesta:50 - Stand Alone process - No Exist File: bn_ripley/historico/2019/10/VIRTUAL/27/METADATA_C27.10.2019_559_VIRTUAL.csv - CSV: Reporte [nomenclatura_pdf=9604300021920504.pdf, dni=70897427, s3_url=null]
2020-04-22 22:57:50 ERROR StartProcessIngesta:50 - Stand Alone process - No Exist File: bn_ripley/historico/2019/10/VIRTUAL/27/METADATA_C27.10.2019_559_VIRTUAL.csv - CSV: Reporte [nomenclatura_pdf=9604300029378663.pdf, dni=80513339, s3_url=null]
2020-04-22 22:57:50 ERROR StartProcessIngesta:50 - Stand Alone process - No Exist File: bn_ripley/historico/2019/10/VIRTUAL/27/METADATA_C27.10.2019_559_VIRTUAL.csv - CSV: Reporte [nomenclatura_pdf=9604300016503836.pdf, dni=03859503, s3_url=null]
2020-04-22 22:57:50 ERROR StartProcessIngesta:50 - Stand Alone process - No Exist File: bn_ripley/historico/2019/10/VIRTUAL/27/METADATA_C27.10.2019_559_VIRTUAL.csv - CSV: Reporte [nomenclatura_pdf=9604300015371250.pdf, dni=46889623, s3_url=null]
2020-04-22 22:57:50 ERROR StartProcessIngesta:50 - Stand Alone process - No Exist File: bn_ripley/historico/2019/10/VIRTUAL/27/METADATA_C27.10.2019_559_VIRTUAL.csv - CSV: Reporte [nomenclatura_pdf=9604300027479695.pdf, dni=45883130, s3_url=null]
2020-04-22 22:57:50 ERROR StartProcessIngesta:50 - Stand Alone process - No Exist File: bn_ripley/historico/2019/10/VIRTUAL/27/METADATA_C27.10.2019_559_VIRTUAL.csv - CSV: Reporte [nomenclatura_pdf=9604300034745344.pdf, dni=46942216, s3_url=null]
2020-04-22 22:57:50 ERROR StartProcessIngesta:50 - Stand Alone process - No Exist File: bn_ripley/historico/2019/10/VIRTUAL/27/METADATA_C27.10.2019_559_VIRTUAL.csv - CSV: Reporte [nomenclatura_pdf=9604300033987244.pdf, dni=43870293, s3_url=null]
2020-04-22 22:57:50 ERROR StartProcessIngesta:50 - Stand Alone process - No Exist File: bn_ripley/historico/2019/10/VIRTUAL/27/METADATA_C27.10.2019_559_VIRTUAL.csv - CSV: Reporte [nomenclatura_pdf=9604300047481606.pdf, dni=20992624, s3_url=null]
2020-04-22 22:57:50 ERROR StartProcessIngesta:50 - Stand Alone process - No Exist File: bn_ripley/historico/2019/10/VIRTUAL/27/METADATA_C27.10.2019_559_VIRTUAL.csv - CSV: Reporte [nomenclatura_pdf=9604300020377565.pdf, dni=70435455, s3_url=null]
2020-04-22 22:57:50 ERROR StartProcessIngesta:50 - Stand Alone process - No Exist File: bn_ripley/historico/2019/10/VIRTUAL/27/METADATA_C27.10.2019_559_VIRTUAL.csv - CSV: Reporte [nomenclatura_pdf=9604300034192331.pdf, dni=47503220, s3_url=null]
2020-04-22 22:57:50 INFO  StartProcessIngesta:34 - Stand Alone process - Exit Status: COMPLETED
